[0.013s] Invoking command in '/home/quyent/Cyclone/Techno-Luminescence/build/micro_ros_msgs': CMAKE_PREFIX_PATH=${CMAKE_PREFIX_PATH}:/opt/ros/jazzy DEBUGINFOD_URLS=https://debuginfod.ubuntu.com /usr/bin/cmake /home/quyent/Cyclone/Techno-Luminescence/src/uros/micro_ros_msgs -DUAGENT_BUILD_EXECUTABLE=OFF -DUAGENT_P2P_PROFILE=OFF --no-warn-unused-cli -DCMAKE_INSTALL_PREFIX=/home/quyent/Cyclone/Techno-Luminescence/install/micro_ros_msgs
[0.024s] Not searching for unused variables given on the command line.
[0.092s] -- The C compiler identification is GNU 13.3.0
[0.173s] -- The CXX compiler identification is GNU 13.3.0
[0.197s] -- Detecting C compiler ABI info
[0.331s] -- Detecting C compiler ABI info - done
[0.343s] -- Check for working C compiler: /usr/bin/cc - skipped
[0.343s] -- Detecting C compile features
[0.344s] -- Detecting C compile features - done
[0.359s] -- Detecting CXX compiler ABI info
[0.511s] -- Detecting CXX compiler ABI info - done
[0.524s] -- Check for working CXX compiler: /usr/bin/c++ - skipped
[0.525s] -- Detecting CXX compile features
[0.526s] -- Detecting CXX compile features - done
[0.529s] -- Found ament_cmake: 2.5.6 (/opt/ros/jazzy/share/ament_cmake/cmake)
[0.737s] -- Found Python3: /usr/bin/python3 (found version "3.12.3") found components: Interpreter 
[0.860s] -- Found rosidl_default_generators: 1.6.0 (/opt/ros/jazzy/share/rosidl_default_generators/cmake)
[0.864s] -- Using all available rosidl_typesupport_c: rosidl_typesupport_fastrtps_c;rosidl_typesupport_introspection_c
[0.900s] -- Using all available rosidl_typesupport_cpp: rosidl_typesupport_fastrtps_cpp;rosidl_typesupport_introspection_cpp
[0.930s] -- Found rosidl_adapter: 4.6.7 (/opt/ros/jazzy/share/rosidl_adapter/cmake)
[0.931s] -- Found ament_lint_auto: 0.17.5 (/opt/ros/jazzy/share/ament_lint_auto/cmake)
[1.383s] -- Found ament_cmake_ros: 0.12.0 (/opt/ros/jazzy/share/ament_cmake_ros/cmake)
[1.710s] -- Using all available rosidl_typesupport_c: rosidl_typesupport_fastrtps_c;rosidl_typesupport_introspection_c
[2.152s] -- Using all available rosidl_typesupport_cpp: rosidl_typesupport_fastrtps_cpp;rosidl_typesupport_introspection_cpp
[2.154s] -- Found python_cmake_module: 0.11.1 (/opt/ros/jazzy/share/python_cmake_module/cmake)
[2.266s] -- Found PythonExtra: /usr/bin/python3  
[2.602s] -- Found Python3: /usr/bin/python3 (found version "3.12.3") found components: Interpreter Development NumPy Development.Module Development.Embed 
[2.653s] -- Found Python3: /usr/bin/python3 (found version "3.12.3") found components: Interpreter 
[2.656s] -- Added test 'copyright' to check source files copyright and LICENSE
[2.663s] -- Added test 'lint_cmake' to check CMake code style
[2.667s] -- Added test 'xmllint' to check XML markup files
[2.671s] -- Configuring done (2.6s)
[2.698s] -- Generating done (0.0s)
[2.706s] -- Build files have been written to: /home/quyent/Cyclone/Techno-Luminescence/build/micro_ros_msgs
[2.716s] Invoked command in '/home/quyent/Cyclone/Techno-Luminescence/build/micro_ros_msgs' returned '0': CMAKE_PREFIX_PATH=${CMAKE_PREFIX_PATH}:/opt/ros/jazzy DEBUGINFOD_URLS=https://debuginfod.ubuntu.com /usr/bin/cmake /home/quyent/Cyclone/Techno-Luminescence/src/uros/micro_ros_msgs -DUAGENT_BUILD_EXECUTABLE=OFF -DUAGENT_P2P_PROFILE=OFF --no-warn-unused-cli -DCMAKE_INSTALL_PREFIX=/home/quyent/Cyclone/Techno-Luminescence/install/micro_ros_msgs
[2.717s] Invoking command in '/home/quyent/Cyclone/Techno-Luminescence/build/micro_ros_msgs': CMAKE_PREFIX_PATH=${CMAKE_PREFIX_PATH}:/opt/ros/jazzy DEBUGINFOD_URLS=https://debuginfod.ubuntu.com /usr/bin/cmake --build /home/quyent/Cyclone/Techno-Luminescence/build/micro_ros_msgs -- -j16 -l16
[2.766s] [  1%] [34m[1mGenerating Rust code for ROS interfaces[0m
[2.766s] [  3%] [34m[1mGenerating type hashes for ROS interfaces[0m
[2.774s] [  3%] Built target ament_cmake_python_copy_micro_ros_msgs
[2.918s] running egg_info
[2.919s] creating micro_ros_msgs.egg-info
[2.936s] writing micro_ros_msgs.egg-info/PKG-INFO
[2.936s] writing dependency_links to micro_ros_msgs.egg-info/dependency_links.txt
[2.936s] writing top-level names to micro_ros_msgs.egg-info/top_level.txt
[2.936s] writing manifest file 'micro_ros_msgs.egg-info/SOURCES.txt'
[2.940s] [  3%] Built target micro_ros_msgs__rosidl_generator_type_description
[2.952s] [  5%] [34m[1mGenerating C code for ROS interfaces[0m
[2.963s] [  7%] [34m[1mGenerating C++ code for ROS interfaces[0m
[2.975s] reading manifest file 'micro_ros_msgs.egg-info/SOURCES.txt'
[2.975s] writing manifest file 'micro_ros_msgs.egg-info/SOURCES.txt'
[2.982s] [  7%] Built target micro_ros_msgs__rs
[3.016s] [  7%] Built target ament_cmake_python_build_micro_ros_msgs_egg
[3.179s] [  7%] Built target micro_ros_msgs__cpp
[3.229s] [ 16%] [32mBuilding C object CMakeFiles/micro_ros_msgs__rosidl_generator_c.dir/rosidl_generator_c/micro_ros_msgs/msg/detail/entity__description.c.o[0m
[3.230s] [ 16%] [32mBuilding C object CMakeFiles/micro_ros_msgs__rosidl_generator_c.dir/rosidl_generator_c/micro_ros_msgs/msg/detail/graph__description.c.o[0m
[3.230s] [ 16%] [32mBuilding C object CMakeFiles/micro_ros_msgs__rosidl_generator_c.dir/rosidl_generator_c/micro_ros_msgs/msg/detail/node__functions.c.o[0m
[3.230s] [ 21%] [32mBuilding C object CMakeFiles/micro_ros_msgs__rosidl_generator_c.dir/rosidl_generator_c/micro_ros_msgs/msg/detail/node__type_support.c.o[0m
[3.230s] [ 21%] [32mBuilding C object CMakeFiles/micro_ros_msgs__rosidl_generator_c.dir/rosidl_generator_c/micro_ros_msgs/msg/detail/entity__functions.c.o[0m
[3.230s] [ 21%] [32mBuilding C object CMakeFiles/micro_ros_msgs__rosidl_generator_c.dir/rosidl_generator_c/micro_ros_msgs/msg/detail/graph__type_support.c.o[0m
[3.230s] [ 16%] [32mBuilding C object CMakeFiles/micro_ros_msgs__rosidl_generator_c.dir/rosidl_generator_c/micro_ros_msgs/msg/detail/node__description.c.o[0m
[3.230s] [ 21%] [32mBuilding C object CMakeFiles/micro_ros_msgs__rosidl_generator_c.dir/rosidl_generator_c/micro_ros_msgs/msg/detail/graph__functions.c.o[0m
[3.230s] [ 23%] [32mBuilding C object CMakeFiles/micro_ros_msgs__rosidl_generator_c.dir/rosidl_generator_c/micro_ros_msgs/msg/detail/entity__type_support.c.o[0m
[3.277s] [ 25%] [32m[1mLinking C shared library libmicro_ros_msgs__rosidl_generator_c.so[0m
[3.314s] [ 25%] Built target micro_ros_msgs__rosidl_generator_c
[3.325s] [ 36%] [34m[1mGenerating C++ type support dispatch for ROS interfaces[0m
[3.325s] [ 36%] [34m[1mGenerating C++ type support for eProsima Fast-RTPS[0m
[3.325s] [ 36%] [34m[1mGenerating C++ introspection for ROS interfaces[0m
[3.325s] [ 36%] [34m[1mGenerating C type support for eProsima Fast-RTPS[0m
[3.325s] [ 36%] [34m[1mGenerating C type support dispatch for ROS interfaces[0m
[3.325s] [ 36%] [34m[1mGenerating C introspection for ROS interfaces[0m
[3.531s] [ 43%] [32mBuilding CXX object CMakeFiles/micro_ros_msgs__rosidl_typesupport_c.dir/rosidl_typesupport_c/micro_ros_msgs/msg/node__type_support.cpp.o[0m
[3.531s] [ 43%] [32mBuilding CXX object CMakeFiles/micro_ros_msgs__rosidl_typesupport_c.dir/rosidl_typesupport_c/micro_ros_msgs/msg/graph__type_support.cpp.o[0m
[3.531s] [ 43%] [32mBuilding CXX object CMakeFiles/micro_ros_msgs__rosidl_typesupport_cpp.dir/rosidl_typesupport_cpp/micro_ros_msgs/msg/node__type_support.cpp.o[0m
[3.531s] [ 43%] [32mBuilding CXX object CMakeFiles/micro_ros_msgs__rosidl_typesupport_cpp.dir/rosidl_typesupport_cpp/micro_ros_msgs/msg/entity__type_support.cpp.o[0m
[3.531s] [ 47%] [32mBuilding CXX object CMakeFiles/micro_ros_msgs__rosidl_typesupport_cpp.dir/rosidl_typesupport_cpp/micro_ros_msgs/msg/graph__type_support.cpp.o[0m
[3.531s] [ 47%] [32mBuilding CXX object CMakeFiles/micro_ros_msgs__rosidl_typesupport_c.dir/rosidl_typesupport_c/micro_ros_msgs/msg/entity__type_support.cpp.o[0m
[3.548s] [ 50%] [32mBuilding CXX object CMakeFiles/micro_ros_msgs__rosidl_typesupport_introspection_cpp.dir/rosidl_typesupport_introspection_cpp/micro_ros_msgs/msg/detail/graph__type_support.cpp.o[0m
[3.548s] [ 50%] [32mBuilding CXX object CMakeFiles/micro_ros_msgs__rosidl_typesupport_introspection_cpp.dir/rosidl_typesupport_introspection_cpp/micro_ros_msgs/msg/detail/node__type_support.cpp.o[0m
[3.548s] [ 52%] [32mBuilding CXX object CMakeFiles/micro_ros_msgs__rosidl_typesupport_introspection_cpp.dir/rosidl_typesupport_introspection_cpp/micro_ros_msgs/msg/detail/entity__type_support.cpp.o[0m
[3.561s] [ 56%] [32mBuilding C object CMakeFiles/micro_ros_msgs__rosidl_typesupport_introspection_c.dir/rosidl_typesupport_introspection_c/micro_ros_msgs/msg/detail/graph__type_support.c.o[0m
[3.561s] [ 56%] [32mBuilding C object CMakeFiles/micro_ros_msgs__rosidl_typesupport_introspection_c.dir/rosidl_typesupport_introspection_c/micro_ros_msgs/msg/detail/entity__type_support.c.o[0m
[3.561s] [ 58%] [32mBuilding C object CMakeFiles/micro_ros_msgs__rosidl_typesupport_introspection_c.dir/rosidl_typesupport_introspection_c/micro_ros_msgs/msg/detail/node__type_support.c.o[0m
[3.572s] [ 60%] [32m[1mLinking CXX shared library libmicro_ros_msgs__rosidl_typesupport_c.so[0m
[3.591s] [ 63%] [32mBuilding CXX object CMakeFiles/micro_ros_msgs__rosidl_typesupport_fastrtps_cpp.dir/rosidl_typesupport_fastrtps_cpp/micro_ros_msgs/msg/detail/dds_fastrtps/node__type_support.cpp.o[0m
[3.591s] [ 63%] [32mBuilding CXX object CMakeFiles/micro_ros_msgs__rosidl_typesupport_fastrtps_cpp.dir/rosidl_typesupport_fastrtps_cpp/micro_ros_msgs/msg/detail/dds_fastrtps/graph__type_support.cpp.o[0m
[3.592s] [ 65%] [32mBuilding CXX object CMakeFiles/micro_ros_msgs__rosidl_typesupport_fastrtps_cpp.dir/rosidl_typesupport_fastrtps_cpp/micro_ros_msgs/msg/detail/dds_fastrtps/entity__type_support.cpp.o[0m
[3.600s] [ 70%] [32mBuilding CXX object CMakeFiles/micro_ros_msgs__rosidl_typesupport_fastrtps_c.dir/rosidl_typesupport_fastrtps_c/micro_ros_msgs/msg/detail/entity__type_support_c.cpp.o[0m
[3.600s] [ 72%] [32mBuilding CXX object CMakeFiles/micro_ros_msgs__rosidl_typesupport_fastrtps_c.dir/rosidl_typesupport_fastrtps_c/micro_ros_msgs/msg/detail/node__type_support_c.cpp.o[0m
[3.600s] [ 72%] [32mBuilding CXX object CMakeFiles/micro_ros_msgs__rosidl_typesupport_fastrtps_c.dir/rosidl_typesupport_fastrtps_c/micro_ros_msgs/msg/detail/graph__type_support_c.cpp.o[0m
[3.602s] [ 72%] [32m[1mLinking C shared library libmicro_ros_msgs__rosidl_typesupport_introspection_c.so[0m
[3.619s] [ 72%] Built target micro_ros_msgs__rosidl_typesupport_c
[3.637s] [ 72%] Built target micro_ros_msgs__rosidl_typesupport_introspection_c
[3.829s] [ 74%] [32m[1mLinking CXX shared library libmicro_ros_msgs__rosidl_typesupport_cpp.so[0m
[3.877s] [ 74%] Built target micro_ros_msgs__rosidl_typesupport_cpp
[3.931s] [ 76%] [32m[1mLinking CXX shared library libmicro_ros_msgs__rosidl_typesupport_introspection_cpp.so[0m
[3.994s] [ 76%] Built target micro_ros_msgs__rosidl_typesupport_introspection_cpp
[4.006s] [ 78%] [32m[1mLinking CXX shared library libmicro_ros_msgs__rosidl_typesupport_fastrtps_c.so[0m
[4.037s] [ 80%] [32m[1mLinking CXX shared library libmicro_ros_msgs__rosidl_typesupport_fastrtps_cpp.so[0m
[4.064s] [ 80%] Built target micro_ros_msgs__rosidl_typesupport_fastrtps_c
[4.095s] [ 80%] Built target micro_ros_msgs__rosidl_typesupport_fastrtps_cpp
[4.112s] [ 80%] Built target micro_ros_msgs
[4.128s] [ 81%] [34m[1mGenerating Python code for ROS interfaces[0m
[4.386s] [ 81%] Built target micro_ros_msgs__py
[4.403s] [ 83%] [32mBuilding C object CMakeFiles/micro_ros_msgs__rosidl_generator_py.dir/rosidl_generator_py/micro_ros_msgs/msg/_node_s.c.o[0m
[4.403s] [ 85%] [32mBuilding C object CMakeFiles/micro_ros_msgs__rosidl_generator_py.dir/rosidl_generator_py/micro_ros_msgs/msg/_graph_s.c.o[0m
[4.404s] [ 87%] [32mBuilding C object CMakeFiles/micro_ros_msgs__rosidl_generator_py.dir/rosidl_generator_py/micro_ros_msgs/msg/_entity_s.c.o[0m
[4.486s] [ 89%] [32m[1mLinking C shared library libmicro_ros_msgs__rosidl_generator_py.so[0m
[4.522s] [ 89%] Built target micro_ros_msgs__rosidl_generator_py
[4.539s] [ 92%] [32mBuilding C object CMakeFiles/micro_ros_msgs_s__rosidl_typesupport_fastrtps_c.dir/rosidl_generator_py/micro_ros_msgs/_micro_ros_msgs_s.ep.rosidl_typesupport_fastrtps_c.c.o[0m
[4.539s] [ 92%] [32mBuilding C object CMakeFiles/micro_ros_msgs_s__rosidl_typesupport_c.dir/rosidl_generator_py/micro_ros_msgs/_micro_ros_msgs_s.ep.rosidl_typesupport_c.c.o[0m
[4.539s] [ 94%] [32mBuilding C object CMakeFiles/micro_ros_msgs_s__rosidl_typesupport_introspection_c.dir/rosidl_generator_py/micro_ros_msgs/_micro_ros_msgs_s.ep.rosidl_typesupport_introspection_c.c.o[0m
[4.609s] [ 96%] [32m[1mLinking C shared module rosidl_generator_py/micro_ros_msgs/micro_ros_msgs_s__rosidl_typesupport_c.so[0m
[4.609s] [ 98%] [32m[1mLinking C shared module rosidl_generator_py/micro_ros_msgs/micro_ros_msgs_s__rosidl_typesupport_introspection_c.so[0m
[4.611s] [100%] [32m[1mLinking C shared module rosidl_generator_py/micro_ros_msgs/micro_ros_msgs_s__rosidl_typesupport_fastrtps_c.so[0m
[4.635s] [100%] Built target micro_ros_msgs_s__rosidl_typesupport_c
[4.635s] [100%] Built target micro_ros_msgs_s__rosidl_typesupport_introspection_c
[4.635s] [100%] Built target micro_ros_msgs_s__rosidl_typesupport_fastrtps_c
[4.645s] Invoked command in '/home/quyent/Cyclone/Techno-Luminescence/build/micro_ros_msgs' returned '0': CMAKE_PREFIX_PATH=${CMAKE_PREFIX_PATH}:/opt/ros/jazzy DEBUGINFOD_URLS=https://debuginfod.ubuntu.com /usr/bin/cmake --build /home/quyent/Cyclone/Techno-Luminescence/build/micro_ros_msgs -- -j16 -l16
[4.654s] Invoking command in '/home/quyent/Cyclone/Techno-Luminescence/build/micro_ros_msgs': CMAKE_PREFIX_PATH=${CMAKE_PREFIX_PATH}:/opt/ros/jazzy DEBUGINFOD_URLS=https://debuginfod.ubuntu.com /usr/bin/cmake --install /home/quyent/Cyclone/Techno-Luminescence/build/micro_ros_msgs
[4.660s] -- Install configuration: ""
[4.660s] -- Installing: /home/quyent/Cyclone/Techno-Luminescence/install/micro_ros_msgs/share/ament_index/resource_index/rosidl_interfaces/micro_ros_msgs
[4.661s] -- Installing: /home/quyent/Cyclone/Techno-Luminescence/install/micro_ros_msgs/share/micro_ros_msgs/msg/Graph.json
[4.661s] -- Installing: /home/quyent/Cyclone/Techno-Luminescence/install/micro_ros_msgs/share/micro_ros_msgs/msg/Node.json
[4.661s] -- Installing: /home/quyent/Cyclone/Techno-Luminescence/install/micro_ros_msgs/share/micro_ros_msgs/msg/Entity.json
[4.661s] -- Installing: /home/quyent/Cyclone/Techno-Luminescence/install/micro_ros_msgs/include/micro_ros_msgs/micro_ros_msgs
[4.661s] -- Installing: /home/quyent/Cyclone/Techno-Luminescence/install/micro_ros_msgs/include/micro_ros_msgs/micro_ros_msgs/msg
[4.661s] -- Installing: /home/quyent/Cyclone/Techno-Luminescence/install/micro_ros_msgs/include/micro_ros_msgs/micro_ros_msgs/msg/detail
[4.661s] -- Installing: /home/quyent/Cyclone/Techno-Luminescence/install/micro_ros_msgs/include/micro_ros_msgs/micro_ros_msgs/msg/detail/graph__functions.c
[4.661s] -- Installing: /home/quyent/Cyclone/Techno-Luminescence/install/micro_ros_msgs/include/micro_ros_msgs/micro_ros_msgs/msg/detail/entity__struct.h
[4.661s] -- Installing: /home/quyent/Cyclone/Techno-Luminescence/install/micro_ros_msgs/include/micro_ros_msgs/micro_ros_msgs/msg/detail/entity__type_support.h
[4.662s] -- Installing: /home/quyent/Cyclone/Techno-Luminescence/install/micro_ros_msgs/include/micro_ros_msgs/micro_ros_msgs/msg/detail/node__functions.h
[4.662s] -- Installing: /home/quyent/Cyclone/Techno-Luminescence/install/micro_ros_msgs/include/micro_ros_msgs/micro_ros_msgs/msg/detail/graph__type_support.h
[4.662s] -- Installing: /home/quyent/Cyclone/Techno-Luminescence/install/micro_ros_msgs/include/micro_ros_msgs/micro_ros_msgs/msg/detail/entity__functions.h
[4.662s] -- Installing: /home/quyent/Cyclone/Techno-Luminescence/install/micro_ros_msgs/include/micro_ros_msgs/micro_ros_msgs/msg/detail/node__description.c
[4.662s] -- Installing: /home/quyent/Cyclone/Techno-Luminescence/install/micro_ros_msgs/include/micro_ros_msgs/micro_ros_msgs/msg/detail/node__type_support.c
[4.662s] -- Installing: /home/quyent/Cyclone/Techno-Luminescence/install/micro_ros_msgs/include/micro_ros_msgs/micro_ros_msgs/msg/detail/graph__struct.h
[4.662s] -- Installing: /home/quyent/Cyclone/Techno-Luminescence/install/micro_ros_msgs/include/micro_ros_msgs/micro_ros_msgs/msg/detail/entity__description.c
[4.662s] -- Installing: /home/quyent/Cyclone/Techno-Luminescence/install/micro_ros_msgs/include/micro_ros_msgs/micro_ros_msgs/msg/detail/node__functions.c
[4.662s] -- Installing: /home/quyent/Cyclone/Techno-Luminescence/install/micro_ros_msgs/include/micro_ros_msgs/micro_ros_msgs/msg/detail/graph__type_support.c
[4.662s] -- Installing: /home/quyent/Cyclone/Techno-Luminescence/install/micro_ros_msgs/include/micro_ros_msgs/micro_ros_msgs/msg/detail/node__struct.h
[4.662s] -- Installing: /home/quyent/Cyclone/Techno-Luminescence/install/micro_ros_msgs/include/micro_ros_msgs/micro_ros_msgs/msg/detail/entity__functions.c
[4.662s] -- Installing: /home/quyent/Cyclone/Techno-Luminescence/install/micro_ros_msgs/include/micro_ros_msgs/micro_ros_msgs/msg/detail/graph__functions.h
[4.662s] -- Installing: /home/quyent/Cyclone/Techno-Luminescence/install/micro_ros_msgs/include/micro_ros_msgs/micro_ros_msgs/msg/detail/graph__description.c
[4.662s] -- Installing: /home/quyent/Cyclone/Techno-Luminescence/install/micro_ros_msgs/include/micro_ros_msgs/micro_ros_msgs/msg/detail/node__type_support.h
[4.662s] -- Installing: /home/quyent/Cyclone/Techno-Luminescence/install/micro_ros_msgs/include/micro_ros_msgs/micro_ros_msgs/msg/detail/entity__type_support.c
[4.662s] -- Installing: /home/quyent/Cyclone/Techno-Luminescence/install/micro_ros_msgs/include/micro_ros_msgs/micro_ros_msgs/msg/rosidl_generator_c__visibility_control.h
[4.662s] -- Installing: /home/quyent/Cyclone/Techno-Luminescence/install/micro_ros_msgs/include/micro_ros_msgs/micro_ros_msgs/msg/entity.h
[4.663s] -- Installing: /home/quyent/Cyclone/Techno-Luminescence/install/micro_ros_msgs/include/micro_ros_msgs/micro_ros_msgs/msg/node.h
[4.663s] -- Installing: /home/quyent/Cyclone/Techno-Luminescence/install/micro_ros_msgs/include/micro_ros_msgs/micro_ros_msgs/msg/graph.h
[4.663s] -- Installing: /home/quyent/Cyclone/Techno-Luminescence/install/micro_ros_msgs/share/micro_ros_msgs/environment/library_path.sh
[4.663s] -- Installing: /home/quyent/Cyclone/Techno-Luminescence/install/micro_ros_msgs/share/micro_ros_msgs/environment/library_path.dsv
[4.663s] -- Installing: /home/quyent/Cyclone/Techno-Luminescence/install/micro_ros_msgs/lib/libmicro_ros_msgs__rosidl_generator_c.so
[4.663s] -- Set non-toolchain portion of runtime path of "/home/quyent/Cyclone/Techno-Luminescence/install/micro_ros_msgs/lib/libmicro_ros_msgs__rosidl_generator_c.so" to ""
[4.663s] -- Up-to-date: /home/quyent/Cyclone/Techno-Luminescence/install/micro_ros_msgs/include/micro_ros_msgs/micro_ros_msgs
[4.663s] -- Up-to-date: /home/quyent/Cyclone/Techno-Luminescence/install/micro_ros_msgs/include/micro_ros_msgs/micro_ros_msgs/msg
[4.663s] -- Up-to-date: /home/quyent/Cyclone/Techno-Luminescence/install/micro_ros_msgs/include/micro_ros_msgs/micro_ros_msgs/msg/detail
[4.664s] -- Installing: /home/quyent/Cyclone/Techno-Luminescence/install/micro_ros_msgs/include/micro_ros_msgs/micro_ros_msgs/msg/detail/node__rosidl_typesupport_fastrtps_c.h
[4.664s] -- Installing: /home/quyent/Cyclone/Techno-Luminescence/install/micro_ros_msgs/include/micro_ros_msgs/micro_ros_msgs/msg/detail/entity__rosidl_typesupport_fastrtps_c.h
[4.664s] -- Installing: /home/quyent/Cyclone/Techno-Luminescence/install/micro_ros_msgs/include/micro_ros_msgs/micro_ros_msgs/msg/detail/graph__rosidl_typesupport_fastrtps_c.h
[4.664s] -- Installing: /home/quyent/Cyclone/Techno-Luminescence/install/micro_ros_msgs/include/micro_ros_msgs/micro_ros_msgs/msg/rosidl_typesupport_fastrtps_c__visibility_control.h
[4.664s] -- Installing: /home/quyent/Cyclone/Techno-Luminescence/install/micro_ros_msgs/lib/libmicro_ros_msgs__rosidl_typesupport_fastrtps_c.so
[4.664s] -- Set non-toolchain portion of runtime path of "/home/quyent/Cyclone/Techno-Luminescence/install/micro_ros_msgs/lib/libmicro_ros_msgs__rosidl_typesupport_fastrtps_c.so" to ""
[4.664s] -- Up-to-date: /home/quyent/Cyclone/Techno-Luminescence/install/micro_ros_msgs/include/micro_ros_msgs/micro_ros_msgs
[4.664s] -- Up-to-date: /home/quyent/Cyclone/Techno-Luminescence/install/micro_ros_msgs/include/micro_ros_msgs/micro_ros_msgs/msg
[4.664s] -- Up-to-date: /home/quyent/Cyclone/Techno-Luminescence/install/micro_ros_msgs/include/micro_ros_msgs/micro_ros_msgs/msg/detail
[4.664s] -- Installing: /home/quyent/Cyclone/Techno-Luminescence/install/micro_ros_msgs/include/micro_ros_msgs/micro_ros_msgs/msg/detail/entity__rosidl_typesupport_introspection_c.h
[4.664s] -- Up-to-date: /home/quyent/Cyclone/Techno-Luminescence/install/micro_ros_msgs/include/micro_ros_msgs/micro_ros_msgs/msg/detail/node__type_support.c
[4.664s] -- Installing: /home/quyent/Cyclone/Techno-Luminescence/install/micro_ros_msgs/include/micro_ros_msgs/micro_ros_msgs/msg/detail/node__rosidl_typesupport_introspection_c.h
[4.665s] -- Up-to-date: /home/quyent/Cyclone/Techno-Luminescence/install/micro_ros_msgs/include/micro_ros_msgs/micro_ros_msgs/msg/detail/graph__type_support.c
[4.665s] -- Up-to-date: /home/quyent/Cyclone/Techno-Luminescence/install/micro_ros_msgs/include/micro_ros_msgs/micro_ros_msgs/msg/detail/entity__type_support.c
[4.665s] -- Installing: /home/quyent/Cyclone/Techno-Luminescence/install/micro_ros_msgs/include/micro_ros_msgs/micro_ros_msgs/msg/detail/graph__rosidl_typesupport_introspection_c.h
[4.665s] -- Installing: /home/quyent/Cyclone/Techno-Luminescence/install/micro_ros_msgs/include/micro_ros_msgs/micro_ros_msgs/msg/rosidl_typesupport_introspection_c__visibility_control.h
[4.665s] -- Installing: /home/quyent/Cyclone/Techno-Luminescence/install/micro_ros_msgs/lib/libmicro_ros_msgs__rosidl_typesupport_introspection_c.so
[4.665s] -- Set non-toolchain portion of runtime path of "/home/quyent/Cyclone/Techno-Luminescence/install/micro_ros_msgs/lib/libmicro_ros_msgs__rosidl_typesupport_introspection_c.so" to ""
[4.665s] -- Installing: /home/quyent/Cyclone/Techno-Luminescence/install/micro_ros_msgs/lib/libmicro_ros_msgs__rosidl_typesupport_c.so
[4.665s] -- Set non-toolchain portion of runtime path of "/home/quyent/Cyclone/Techno-Luminescence/install/micro_ros_msgs/lib/libmicro_ros_msgs__rosidl_typesupport_c.so" to ""
[4.666s] -- Up-to-date: /home/quyent/Cyclone/Techno-Luminescence/install/micro_ros_msgs/include/micro_ros_msgs/micro_ros_msgs
[4.666s] -- Up-to-date: /home/quyent/Cyclone/Techno-Luminescence/install/micro_ros_msgs/include/micro_ros_msgs/micro_ros_msgs/msg
[4.666s] -- Installing: /home/quyent/Cyclone/Techno-Luminescence/install/micro_ros_msgs/include/micro_ros_msgs/micro_ros_msgs/msg/graph.hpp
[4.666s] -- Up-to-date: /home/quyent/Cyclone/Techno-Luminescence/install/micro_ros_msgs/include/micro_ros_msgs/micro_ros_msgs/msg/detail
[4.666s] -- Installing: /home/quyent/Cyclone/Techno-Luminescence/install/micro_ros_msgs/include/micro_ros_msgs/micro_ros_msgs/msg/detail/node__builder.hpp
[4.666s] -- Installing: /home/quyent/Cyclone/Techno-Luminescence/install/micro_ros_msgs/include/micro_ros_msgs/micro_ros_msgs/msg/detail/graph__traits.hpp
[4.666s] -- Installing: /home/quyent/Cyclone/Techno-Luminescence/install/micro_ros_msgs/include/micro_ros_msgs/micro_ros_msgs/msg/detail/entity__type_support.hpp
[4.666s] -- Installing: /home/quyent/Cyclone/Techno-Luminescence/install/micro_ros_msgs/include/micro_ros_msgs/micro_ros_msgs/msg/detail/graph__builder.hpp
[4.666s] -- Installing: /home/quyent/Cyclone/Techno-Luminescence/install/micro_ros_msgs/include/micro_ros_msgs/micro_ros_msgs/msg/detail/entity__builder.hpp
[4.666s] -- Installing: /home/quyent/Cyclone/Techno-Luminescence/install/micro_ros_msgs/include/micro_ros_msgs/micro_ros_msgs/msg/detail/graph__struct.hpp
[4.666s] -- Installing: /home/quyent/Cyclone/Techno-Luminescence/install/micro_ros_msgs/include/micro_ros_msgs/micro_ros_msgs/msg/detail/entity__traits.hpp
[4.666s] -- Installing: /home/quyent/Cyclone/Techno-Luminescence/install/micro_ros_msgs/include/micro_ros_msgs/micro_ros_msgs/msg/detail/entity__struct.hpp
[4.666s] -- Installing: /home/quyent/Cyclone/Techno-Luminescence/install/micro_ros_msgs/include/micro_ros_msgs/micro_ros_msgs/msg/detail/node__type_support.hpp
[4.667s] -- Installing: /home/quyent/Cyclone/Techno-Luminescence/install/micro_ros_msgs/include/micro_ros_msgs/micro_ros_msgs/msg/detail/node__struct.hpp
[4.667s] -- Installing: /home/quyent/Cyclone/Techno-Luminescence/install/micro_ros_msgs/include/micro_ros_msgs/micro_ros_msgs/msg/detail/graph__type_support.hpp
[4.667s] -- Installing: /home/quyent/Cyclone/Techno-Luminescence/install/micro_ros_msgs/include/micro_ros_msgs/micro_ros_msgs/msg/detail/node__traits.hpp
[4.667s] -- Installing: /home/quyent/Cyclone/Techno-Luminescence/install/micro_ros_msgs/include/micro_ros_msgs/micro_ros_msgs/msg/entity.hpp
[4.667s] -- Installing: /home/quyent/Cyclone/Techno-Luminescence/install/micro_ros_msgs/include/micro_ros_msgs/micro_ros_msgs/msg/rosidl_generator_cpp__visibility_control.hpp
[4.667s] -- Installing: /home/quyent/Cyclone/Techno-Luminescence/install/micro_ros_msgs/include/micro_ros_msgs/micro_ros_msgs/msg/node.hpp
[4.667s] -- Up-to-date: /home/quyent/Cyclone/Techno-Luminescence/install/micro_ros_msgs/include/micro_ros_msgs/micro_ros_msgs
[4.667s] -- Up-to-date: /home/quyent/Cyclone/Techno-Luminescence/install/micro_ros_msgs/include/micro_ros_msgs/micro_ros_msgs/msg
[4.667s] -- Up-to-date: /home/quyent/Cyclone/Techno-Luminescence/install/micro_ros_msgs/include/micro_ros_msgs/micro_ros_msgs/msg/detail
[4.667s] -- Installing: /home/quyent/Cyclone/Techno-Luminescence/install/micro_ros_msgs/include/micro_ros_msgs/micro_ros_msgs/msg/detail/graph__rosidl_typesupport_fastrtps_cpp.hpp
[4.667s] -- Installing: /home/quyent/Cyclone/Techno-Luminescence/install/micro_ros_msgs/include/micro_ros_msgs/micro_ros_msgs/msg/detail/dds_fastrtps
[4.667s] -- Installing: /home/quyent/Cyclone/Techno-Luminescence/install/micro_ros_msgs/include/micro_ros_msgs/micro_ros_msgs/msg/detail/entity__rosidl_typesupport_fastrtps_cpp.hpp
[4.667s] -- Installing: /home/quyent/Cyclone/Techno-Luminescence/install/micro_ros_msgs/include/micro_ros_msgs/micro_ros_msgs/msg/detail/node__rosidl_typesupport_fastrtps_cpp.hpp
[4.668s] -- Installing: /home/quyent/Cyclone/Techno-Luminescence/install/micro_ros_msgs/include/micro_ros_msgs/micro_ros_msgs/msg/rosidl_typesupport_fastrtps_cpp__visibility_control.h
[4.668s] -- Installing: /home/quyent/Cyclone/Techno-Luminescence/install/micro_ros_msgs/lib/libmicro_ros_msgs__rosidl_typesupport_fastrtps_cpp.so
[4.668s] -- Set non-toolchain portion of runtime path of "/home/quyent/Cyclone/Techno-Luminescence/install/micro_ros_msgs/lib/libmicro_ros_msgs__rosidl_typesupport_fastrtps_cpp.so" to ""
[4.668s] -- Up-to-date: /home/quyent/Cyclone/Techno-Luminescence/install/micro_ros_msgs/include/micro_ros_msgs/micro_ros_msgs
[4.668s] -- Up-to-date: /home/quyent/Cyclone/Techno-Luminescence/install/micro_ros_msgs/include/micro_ros_msgs/micro_ros_msgs/msg
[4.668s] -- Up-to-date: /home/quyent/Cyclone/Techno-Luminescence/install/micro_ros_msgs/include/micro_ros_msgs/micro_ros_msgs/msg/detail
[4.668s] -- Installing: /home/quyent/Cyclone/Techno-Luminescence/install/micro_ros_msgs/include/micro_ros_msgs/micro_ros_msgs/msg/detail/entity__type_support.cpp
[4.668s] -- Installing: /home/quyent/Cyclone/Techno-Luminescence/install/micro_ros_msgs/include/micro_ros_msgs/micro_ros_msgs/msg/detail/graph__type_support.cpp
[4.668s] -- Installing: /home/quyent/Cyclone/Techno-Luminescence/install/micro_ros_msgs/include/micro_ros_msgs/micro_ros_msgs/msg/detail/entity__rosidl_typesupport_introspection_cpp.hpp
[4.668s] -- Installing: /home/quyent/Cyclone/Techno-Luminescence/install/micro_ros_msgs/include/micro_ros_msgs/micro_ros_msgs/msg/detail/graph__rosidl_typesupport_introspection_cpp.hpp
[4.669s] -- Installing: /home/quyent/Cyclone/Techno-Luminescence/install/micro_ros_msgs/include/micro_ros_msgs/micro_ros_msgs/msg/detail/node__rosidl_typesupport_introspection_cpp.hpp
[4.669s] -- Installing: /home/quyent/Cyclone/Techno-Luminescence/install/micro_ros_msgs/include/micro_ros_msgs/micro_ros_msgs/msg/detail/node__type_support.cpp
[4.669s] -- Installing: /home/quyent/Cyclone/Techno-Luminescence/install/micro_ros_msgs/lib/libmicro_ros_msgs__rosidl_typesupport_introspection_cpp.so
[4.669s] -- Set non-toolchain portion of runtime path of "/home/quyent/Cyclone/Techno-Luminescence/install/micro_ros_msgs/lib/libmicro_ros_msgs__rosidl_typesupport_introspection_cpp.so" to ""
[4.669s] -- Installing: /home/quyent/Cyclone/Techno-Luminescence/install/micro_ros_msgs/lib/libmicro_ros_msgs__rosidl_typesupport_cpp.so
[4.670s] -- Set non-toolchain portion of runtime path of "/home/quyent/Cyclone/Techno-Luminescence/install/micro_ros_msgs/lib/libmicro_ros_msgs__rosidl_typesupport_cpp.so" to ""
[4.670s] -- Installing: /home/quyent/Cyclone/Techno-Luminescence/install/micro_ros_msgs/share/micro_ros_msgs/environment/pythonpath.sh
[4.670s] -- Installing: /home/quyent/Cyclone/Techno-Luminescence/install/micro_ros_msgs/share/micro_ros_msgs/environment/pythonpath.dsv
[4.670s] -- Installing: /home/quyent/Cyclone/Techno-Luminescence/install/micro_ros_msgs/lib/python3.12/site-packages/micro_ros_msgs-5.0.2-py3.12.egg-info
[4.670s] -- Installing: /home/quyent/Cyclone/Techno-Luminescence/install/micro_ros_msgs/lib/python3.12/site-packages/micro_ros_msgs-5.0.2-py3.12.egg-info/SOURCES.txt
[4.670s] -- Installing: /home/quyent/Cyclone/Techno-Luminescence/install/micro_ros_msgs/lib/python3.12/site-packages/micro_ros_msgs-5.0.2-py3.12.egg-info/dependency_links.txt
[4.670s] -- Installing: /home/quyent/Cyclone/Techno-Luminescence/install/micro_ros_msgs/lib/python3.12/site-packages/micro_ros_msgs-5.0.2-py3.12.egg-info/top_level.txt
[4.670s] -- Installing: /home/quyent/Cyclone/Techno-Luminescence/install/micro_ros_msgs/lib/python3.12/site-packages/micro_ros_msgs-5.0.2-py3.12.egg-info/PKG-INFO
[4.670s] -- Installing: /home/quyent/Cyclone/Techno-Luminescence/install/micro_ros_msgs/lib/python3.12/site-packages/micro_ros_msgs
[4.670s] -- Installing: /home/quyent/Cyclone/Techno-Luminescence/install/micro_ros_msgs/lib/python3.12/site-packages/micro_ros_msgs/_micro_ros_msgs_s.ep.rosidl_typesupport_fastrtps_c.c
[4.670s] -- Installing: /home/quyent/Cyclone/Techno-Luminescence/install/micro_ros_msgs/lib/python3.12/site-packages/micro_ros_msgs/msg
[4.671s] -- Installing: /home/quyent/Cyclone/Techno-Luminescence/install/micro_ros_msgs/lib/python3.12/site-packages/micro_ros_msgs/msg/_node_s.c
[4.671s] -- Installing: /home/quyent/Cyclone/Techno-Luminescence/install/micro_ros_msgs/lib/python3.12/site-packages/micro_ros_msgs/msg/_node.py
[4.671s] -- Installing: /home/quyent/Cyclone/Techno-Luminescence/install/micro_ros_msgs/lib/python3.12/site-packages/micro_ros_msgs/msg/_graph_s.c
[4.671s] -- Installing: /home/quyent/Cyclone/Techno-Luminescence/install/micro_ros_msgs/lib/python3.12/site-packages/micro_ros_msgs/msg/__init__.py
[4.671s] -- Installing: /home/quyent/Cyclone/Techno-Luminescence/install/micro_ros_msgs/lib/python3.12/site-packages/micro_ros_msgs/msg/_graph.py
[4.671s] -- Installing: /home/quyent/Cyclone/Techno-Luminescence/install/micro_ros_msgs/lib/python3.12/site-packages/micro_ros_msgs/msg/_entity_s.c
[4.671s] -- Installing: /home/quyent/Cyclone/Techno-Luminescence/install/micro_ros_msgs/lib/python3.12/site-packages/micro_ros_msgs/msg/_entity.py
[4.671s] -- Installing: /home/quyent/Cyclone/Techno-Luminescence/install/micro_ros_msgs/lib/python3.12/site-packages/micro_ros_msgs/__init__.py
[4.672s] -- Installing: /home/quyent/Cyclone/Techno-Luminescence/install/micro_ros_msgs/lib/python3.12/site-packages/micro_ros_msgs/micro_ros_msgs_s__rosidl_typesupport_introspection_c.so
[4.672s] -- Installing: /home/quyent/Cyclone/Techno-Luminescence/install/micro_ros_msgs/lib/python3.12/site-packages/micro_ros_msgs/_micro_ros_msgs_s.ep.rosidl_typesupport_introspection_c.c
[4.672s] -- Installing: /home/quyent/Cyclone/Techno-Luminescence/install/micro_ros_msgs/lib/python3.12/site-packages/micro_ros_msgs/micro_ros_msgs_s__rosidl_typesupport_c.so
[4.672s] -- Installing: /home/quyent/Cyclone/Techno-Luminescence/install/micro_ros_msgs/lib/python3.12/site-packages/micro_ros_msgs/micro_ros_msgs_s__rosidl_typesupport_fastrtps_c.so
[4.672s] -- Installing: /home/quyent/Cyclone/Techno-Luminescence/install/micro_ros_msgs/lib/python3.12/site-packages/micro_ros_msgs/_micro_ros_msgs_s.ep.rosidl_typesupport_c.c
[4.699s] Listing '/home/quyent/Cyclone/Techno-Luminescence/install/micro_ros_msgs/lib/python3.12/site-packages/micro_ros_msgs'...
[4.699s] Compiling '/home/quyent/Cyclone/Techno-Luminescence/install/micro_ros_msgs/lib/python3.12/site-packages/micro_ros_msgs/__init__.py'...
[4.699s] Listing '/home/quyent/Cyclone/Techno-Luminescence/install/micro_ros_msgs/lib/python3.12/site-packages/micro_ros_msgs/msg'...
[4.699s] Compiling '/home/quyent/Cyclone/Techno-Luminescence/install/micro_ros_msgs/lib/python3.12/site-packages/micro_ros_msgs/msg/__init__.py'...
[4.699s] Compiling '/home/quyent/Cyclone/Techno-Luminescence/install/micro_ros_msgs/lib/python3.12/site-packages/micro_ros_msgs/msg/_entity.py'...
[4.699s] Compiling '/home/quyent/Cyclone/Techno-Luminescence/install/micro_ros_msgs/lib/python3.12/site-packages/micro_ros_msgs/msg/_graph.py'...
[4.699s] Compiling '/home/quyent/Cyclone/Techno-Luminescence/install/micro_ros_msgs/lib/python3.12/site-packages/micro_ros_msgs/msg/_node.py'...
[4.703s] -- Installing: /home/quyent/Cyclone/Techno-Luminescence/install/micro_ros_msgs/lib/python3.12/site-packages/micro_ros_msgs/micro_ros_msgs_s__rosidl_typesupport_fastrtps_c.so
[4.704s] -- Set non-toolchain portion of runtime path of "/home/quyent/Cyclone/Techno-Luminescence/install/micro_ros_msgs/lib/python3.12/site-packages/micro_ros_msgs/micro_ros_msgs_s__rosidl_typesupport_fastrtps_c.so" to ""
[4.704s] -- Installing: /home/quyent/Cyclone/Techno-Luminescence/install/micro_ros_msgs/lib/python3.12/site-packages/micro_ros_msgs/micro_ros_msgs_s__rosidl_typesupport_introspection_c.so
[4.704s] -- Set non-toolchain portion of runtime path of "/home/quyent/Cyclone/Techno-Luminescence/install/micro_ros_msgs/lib/python3.12/site-packages/micro_ros_msgs/micro_ros_msgs_s__rosidl_typesupport_introspection_c.so" to ""
[4.704s] -- Installing: /home/quyent/Cyclone/Techno-Luminescence/install/micro_ros_msgs/lib/python3.12/site-packages/micro_ros_msgs/micro_ros_msgs_s__rosidl_typesupport_c.so
[4.705s] -- Set non-toolchain portion of runtime path of "/home/quyent/Cyclone/Techno-Luminescence/install/micro_ros_msgs/lib/python3.12/site-packages/micro_ros_msgs/micro_ros_msgs_s__rosidl_typesupport_c.so" to ""
[4.705s] -- Installing: /home/quyent/Cyclone/Techno-Luminescence/install/micro_ros_msgs/lib/libmicro_ros_msgs__rosidl_generator_py.so
[4.705s] -- Set non-toolchain portion of runtime path of "/home/quyent/Cyclone/Techno-Luminescence/install/micro_ros_msgs/lib/libmicro_ros_msgs__rosidl_generator_py.so" to ""
[4.705s] -- Installing: /home/quyent/Cyclone/Techno-Luminescence/install/micro_ros_msgs/share/ament_index/resource_index/rust_packages/micro_ros_msgs
[4.705s] -- Installing: /home/quyent/Cyclone/Techno-Luminescence/install/micro_ros_msgs/share/micro_ros_msgs/rust
[4.705s] -- Installing: /home/quyent/Cyclone/Techno-Luminescence/install/micro_ros_msgs/share/micro_ros_msgs/rust/Cargo.toml
[4.705s] -- Installing: /home/quyent/Cyclone/Techno-Luminescence/install/micro_ros_msgs/share/micro_ros_msgs/rust/src
[4.705s] -- Installing: /home/quyent/Cyclone/Techno-Luminescence/install/micro_ros_msgs/share/micro_ros_msgs/rust/src/lib.rs
[4.705s] -- Installing: /home/quyent/Cyclone/Techno-Luminescence/install/micro_ros_msgs/share/micro_ros_msgs/rust/src/msg.rs
[4.706s] -- Installing: /home/quyent/Cyclone/Techno-Luminescence/install/micro_ros_msgs/share/micro_ros_msgs/rust/src/msg
[4.706s] -- Installing: /home/quyent/Cyclone/Techno-Luminescence/install/micro_ros_msgs/share/micro_ros_msgs/rust/src/msg/rmw.rs
[4.706s] -- Installing: /home/quyent/Cyclone/Techno-Luminescence/install/micro_ros_msgs/share/micro_ros_msgs/rust/build.rs
[4.706s] -- Installing: /home/quyent/Cyclone/Techno-Luminescence/install/micro_ros_msgs/share/micro_ros_msgs/msg/Graph.idl
[4.706s] -- Installing: /home/quyent/Cyclone/Techno-Luminescence/install/micro_ros_msgs/share/micro_ros_msgs/msg/Node.idl
[4.706s] -- Installing: /home/quyent/Cyclone/Techno-Luminescence/install/micro_ros_msgs/share/micro_ros_msgs/msg/Entity.idl
[4.706s] -- Installing: /home/quyent/Cyclone/Techno-Luminescence/install/micro_ros_msgs/share/micro_ros_msgs/msg/Graph.msg
[4.706s] -- Installing: /home/quyent/Cyclone/Techno-Luminescence/install/micro_ros_msgs/share/micro_ros_msgs/msg/Node.msg
[4.706s] -- Installing: /home/quyent/Cyclone/Techno-Luminescence/install/micro_ros_msgs/share/micro_ros_msgs/msg/Entity.msg
[4.706s] -- Installing: /home/quyent/Cyclone/Techno-Luminescence/install/micro_ros_msgs/share/ament_index/resource_index/package_run_dependencies/micro_ros_msgs
[4.707s] -- Installing: /home/quyent/Cyclone/Techno-Luminescence/install/micro_ros_msgs/share/ament_index/resource_index/parent_prefix_path/micro_ros_msgs
[4.707s] -- Installing: /home/quyent/Cyclone/Techno-Luminescence/install/micro_ros_msgs/share/micro_ros_msgs/environment/ament_prefix_path.sh
[4.707s] -- Installing: /home/quyent/Cyclone/Techno-Luminescence/install/micro_ros_msgs/share/micro_ros_msgs/environment/ament_prefix_path.dsv
[4.707s] -- Installing: /home/quyent/Cyclone/Techno-Luminescence/install/micro_ros_msgs/share/micro_ros_msgs/environment/path.sh
[4.707s] -- Installing: /home/quyent/Cyclone/Techno-Luminescence/install/micro_ros_msgs/share/micro_ros_msgs/environment/path.dsv
[4.707s] -- Installing: /home/quyent/Cyclone/Techno-Luminescence/install/micro_ros_msgs/share/micro_ros_msgs/local_setup.bash
[4.707s] -- Installing: /home/quyent/Cyclone/Techno-Luminescence/install/micro_ros_msgs/share/micro_ros_msgs/local_setup.sh
[4.707s] -- Installing: /home/quyent/Cyclone/Techno-Luminescence/install/micro_ros_msgs/share/micro_ros_msgs/local_setup.zsh
[4.707s] -- Installing: /home/quyent/Cyclone/Techno-Luminescence/install/micro_ros_msgs/share/micro_ros_msgs/local_setup.dsv
[4.708s] -- Installing: /home/quyent/Cyclone/Techno-Luminescence/install/micro_ros_msgs/share/micro_ros_msgs/package.dsv
[4.708s] -- Installing: /home/quyent/Cyclone/Techno-Luminescence/install/micro_ros_msgs/share/ament_index/resource_index/packages/micro_ros_msgs
[4.708s] -- Installing: /home/quyent/Cyclone/Techno-Luminescence/install/micro_ros_msgs/share/micro_ros_msgs/cmake/export_micro_ros_msgs__rosidl_generator_cExport.cmake
[4.708s] -- Installing: /home/quyent/Cyclone/Techno-Luminescence/install/micro_ros_msgs/share/micro_ros_msgs/cmake/export_micro_ros_msgs__rosidl_generator_cExport-noconfig.cmake
[4.708s] -- Installing: /home/quyent/Cyclone/Techno-Luminescence/install/micro_ros_msgs/share/micro_ros_msgs/cmake/export_micro_ros_msgs__rosidl_typesupport_fastrtps_cExport.cmake
[4.708s] -- Installing: /home/quyent/Cyclone/Techno-Luminescence/install/micro_ros_msgs/share/micro_ros_msgs/cmake/export_micro_ros_msgs__rosidl_typesupport_fastrtps_cExport-noconfig.cmake
[4.708s] -- Installing: /home/quyent/Cyclone/Techno-Luminescence/install/micro_ros_msgs/share/micro_ros_msgs/cmake/micro_ros_msgs__rosidl_typesupport_introspection_cExport.cmake
[4.708s] -- Installing: /home/quyent/Cyclone/Techno-Luminescence/install/micro_ros_msgs/share/micro_ros_msgs/cmake/micro_ros_msgs__rosidl_typesupport_introspection_cExport-noconfig.cmake
[4.709s] -- Installing: /home/quyent/Cyclone/Techno-Luminescence/install/micro_ros_msgs/share/micro_ros_msgs/cmake/micro_ros_msgs__rosidl_typesupport_cExport.cmake
[4.709s] -- Installing: /home/quyent/Cyclone/Techno-Luminescence/install/micro_ros_msgs/share/micro_ros_msgs/cmake/micro_ros_msgs__rosidl_typesupport_cExport-noconfig.cmake
[4.709s] -- Installing: /home/quyent/Cyclone/Techno-Luminescence/install/micro_ros_msgs/share/micro_ros_msgs/cmake/export_micro_ros_msgs__rosidl_generator_cppExport.cmake
[4.709s] -- Installing: /home/quyent/Cyclone/Techno-Luminescence/install/micro_ros_msgs/share/micro_ros_msgs/cmake/export_micro_ros_msgs__rosidl_typesupport_fastrtps_cppExport.cmake
[4.709s] -- Installing: /home/quyent/Cyclone/Techno-Luminescence/install/micro_ros_msgs/share/micro_ros_msgs/cmake/export_micro_ros_msgs__rosidl_typesupport_fastrtps_cppExport-noconfig.cmake
[4.709s] -- Installing: /home/quyent/Cyclone/Techno-Luminescence/install/micro_ros_msgs/share/micro_ros_msgs/cmake/micro_ros_msgs__rosidl_typesupport_introspection_cppExport.cmake
[4.709s] -- Installing: /home/quyent/Cyclone/Techno-Luminescence/install/micro_ros_msgs/share/micro_ros_msgs/cmake/micro_ros_msgs__rosidl_typesupport_introspection_cppExport-noconfig.cmake
[4.709s] -- Installing: /home/quyent/Cyclone/Techno-Luminescence/install/micro_ros_msgs/share/micro_ros_msgs/cmake/micro_ros_msgs__rosidl_typesupport_cppExport.cmake
[4.709s] -- Installing: /home/quyent/Cyclone/Techno-Luminescence/install/micro_ros_msgs/share/micro_ros_msgs/cmake/micro_ros_msgs__rosidl_typesupport_cppExport-noconfig.cmake
[4.710s] -- Installing: /home/quyent/Cyclone/Techno-Luminescence/install/micro_ros_msgs/share/micro_ros_msgs/cmake/export_micro_ros_msgs__rosidl_generator_pyExport.cmake
[4.710s] -- Installing: /home/quyent/Cyclone/Techno-Luminescence/install/micro_ros_msgs/share/micro_ros_msgs/cmake/export_micro_ros_msgs__rosidl_generator_pyExport-noconfig.cmake
[4.710s] -- Installing: /home/quyent/Cyclone/Techno-Luminescence/install/micro_ros_msgs/share/micro_ros_msgs/cmake/rosidl_cmake-extras.cmake
[4.710s] -- Installing: /home/quyent/Cyclone/Techno-Luminescence/install/micro_ros_msgs/share/micro_ros_msgs/cmake/ament_cmake_export_include_directories-extras.cmake
[4.710s] -- Installing: /home/quyent/Cyclone/Techno-Luminescence/install/micro_ros_msgs/share/micro_ros_msgs/cmake/ament_cmake_export_libraries-extras.cmake
[4.710s] -- Installing: /home/quyent/Cyclone/Techno-Luminescence/install/micro_ros_msgs/share/micro_ros_msgs/cmake/ament_cmake_export_targets-extras.cmake
[4.710s] -- Installing: /home/quyent/Cyclone/Techno-Luminescence/install/micro_ros_msgs/share/micro_ros_msgs/cmake/rosidl_cmake_export_typesupport_targets-extras.cmake
[4.710s] -- Installing: /home/quyent/Cyclone/Techno-Luminescence/install/micro_ros_msgs/share/micro_ros_msgs/cmake/ament_cmake_export_dependencies-extras.cmake
[4.710s] -- Installing: /home/quyent/Cyclone/Techno-Luminescence/install/micro_ros_msgs/share/micro_ros_msgs/cmake/rosidl_cmake_export_typesupport_libraries-extras.cmake
[4.710s] -- Installing: /home/quyent/Cyclone/Techno-Luminescence/install/micro_ros_msgs/share/micro_ros_msgs/cmake/micro_ros_msgsConfig.cmake
[4.710s] -- Installing: /home/quyent/Cyclone/Techno-Luminescence/install/micro_ros_msgs/share/micro_ros_msgs/cmake/micro_ros_msgsConfig-version.cmake
[4.711s] -- Installing: /home/quyent/Cyclone/Techno-Luminescence/install/micro_ros_msgs/share/micro_ros_msgs/package.xml
[4.713s] Invoked command in '/home/quyent/Cyclone/Techno-Luminescence/build/micro_ros_msgs' returned '0': CMAKE_PREFIX_PATH=${CMAKE_PREFIX_PATH}:/opt/ros/jazzy DEBUGINFOD_URLS=https://debuginfod.ubuntu.com /usr/bin/cmake --install /home/quyent/Cyclone/Techno-Luminescence/build/micro_ros_msgs
