[0.007s] Invoking command in '/home/quyent/Cyclone/Techno-Luminescence/build/drive_base_msgs': CMAKE_PREFIX_PATH=${CMAKE_PREFIX_PATH}:/opt/ros/jazzy DEBUGINFOD_URLS=https://debuginfod.ubuntu.com /usr/bin/cmake /home/quyent/Cyclone/Techno-Luminescence/src/uros/drive_base/drive_base_msgs -DCMAKE_INSTALL_PREFIX=/home/quyent/Cyclone/Techno-Luminescence/install/drive_base_msgs
[0.108s] -- The C compiler identification is GNU 13.3.0
[0.194s] -- The CXX compiler identification is GNU 13.3.0
[0.210s] -- Detecting C compiler ABI info
[0.287s] -- Detecting C compiler ABI info - done
[0.294s] -- Check for working C compiler: /usr/bin/cc - skipped
[0.294s] -- Detecting C compile features
[0.294s] -- Detecting C compile features - done
[0.303s] -- Detecting CXX compiler ABI info
[0.385s] -- Detecting CXX compiler ABI info - done
[0.392s] -- Check for working CXX compiler: /usr/bin/c++ - skipped
[0.392s] -- Detecting CXX compile features
[0.392s] -- Detecting CXX compile features - done
[0.394s] -- Found ament_cmake: 2.5.6 (/opt/ros/jazzy/share/ament_cmake/cmake)
[0.493s] -- Found Python3: /usr/bin/python3 (found version "3.12.3") found components: Interpreter 
[0.558s] -- Found std_msgs: 5.3.7 (/opt/ros/jazzy/share/std_msgs/cmake)
[0.582s] -- Found rosidl_generator_c: 4.6.7 (/opt/ros/jazzy/share/rosidl_generator_c/cmake)
[0.589s] -- Found rosidl_generator_cpp: 4.6.7 (/opt/ros/jazzy/share/rosidl_generator_cpp/cmake)
[0.599s] -- Using all available rosidl_typesupport_c: rosidl_typesupport_fastrtps_c;rosidl_typesupport_introspection_c
[0.609s] -- Using all available rosidl_typesupport_cpp: rosidl_typesupport_fastrtps_cpp;rosidl_typesupport_introspection_cpp
[0.632s] -- Found rosidl_default_generators: 1.6.0 (/opt/ros/jazzy/share/rosidl_default_generators/cmake)
[0.642s] -- Found rosidl_adapter: 4.6.7 (/opt/ros/jazzy/share/rosidl_adapter/cmake)
[1.071s] -- Found ament_cmake_cppcheck: 0.17.5 (/opt/ros/jazzy/share/ament_cmake_cppcheck/cmake)
[1.072s] -- Found ament_cmake_cpplint: 0.17.5 (/opt/ros/jazzy/share/ament_cmake_cpplint/cmake)
[1.073s] -- Found ament_cmake_uncrustify: 0.17.5 (/opt/ros/jazzy/share/ament_cmake_uncrustify/cmake)
[1.075s] -- Found ament_cmake_ros: 0.12.0 (/opt/ros/jazzy/share/ament_cmake_ros/cmake)
[1.624s] -- Using all available rosidl_typesupport_c: rosidl_typesupport_fastrtps_c;rosidl_typesupport_introspection_c
[1.849s] -- Using all available rosidl_typesupport_cpp: rosidl_typesupport_fastrtps_cpp;rosidl_typesupport_introspection_cpp
[1.852s] -- Found python_cmake_module: 0.11.1 (/opt/ros/jazzy/share/python_cmake_module/cmake)
[1.948s] -- Found PythonExtra: /usr/bin/python3  
[2.271s] -- Found Python3: /usr/bin/python3 (found version "3.12.3") found components: Interpreter Development NumPy Development.Module Development.Embed 
[2.304s] -- Found ament_cmake_flake8: 0.17.5 (/opt/ros/jazzy/share/ament_cmake_flake8/cmake)
[2.305s] -- Found ament_cmake_pep257: 0.17.5 (/opt/ros/jazzy/share/ament_cmake_pep257/cmake)
[2.336s] -- Found Python3: /usr/bin/python3 (found version "3.12.3") found components: Interpreter 
[2.343s] -- Configuring done (2.3s)
[2.374s] -- Generating done (0.0s)
[2.382s] -- Build files have been written to: /home/quyent/Cyclone/Techno-Luminescence/build/drive_base_msgs
[2.394s] Invoked command in '/home/quyent/Cyclone/Techno-Luminescence/build/drive_base_msgs' returned '0': CMAKE_PREFIX_PATH=${CMAKE_PREFIX_PATH}:/opt/ros/jazzy DEBUGINFOD_URLS=https://debuginfod.ubuntu.com /usr/bin/cmake /home/quyent/Cyclone/Techno-Luminescence/src/uros/drive_base/drive_base_msgs -DCMAKE_INSTALL_PREFIX=/home/quyent/Cyclone/Techno-Luminescence/install/drive_base_msgs
[2.395s] Invoking command in '/home/quyent/Cyclone/Techno-Luminescence/build/drive_base_msgs': CMAKE_PREFIX_PATH=${CMAKE_PREFIX_PATH}:/opt/ros/jazzy DEBUGINFOD_URLS=https://debuginfod.ubuntu.com /usr/bin/cmake --build /home/quyent/Cyclone/Techno-Luminescence/build/drive_base_msgs -- -j16 -l16
[2.435s] [  1%] [34m[1mGenerating type hashes for ROS interfaces[0m
[2.436s] [  3%] [34m[1mGenerating Rust code for ROS interfaces[0m
[2.441s] [  3%] Built target ament_cmake_python_copy_drive_base_msgs
[2.565s] running egg_info
[2.565s] creating drive_base_msgs.egg-info
[2.574s] writing drive_base_msgs.egg-info/PKG-INFO
[2.574s] writing dependency_links to drive_base_msgs.egg-info/dependency_links.txt
[2.574s] writing top-level names to drive_base_msgs.egg-info/top_level.txt
[2.574s] writing manifest file 'drive_base_msgs.egg-info/SOURCES.txt'
[2.600s] reading manifest file 'drive_base_msgs.egg-info/SOURCES.txt'
[2.600s] writing manifest file 'drive_base_msgs.egg-info/SOURCES.txt'
[2.629s] [  3%] Built target ament_cmake_python_build_drive_base_msgs_egg
[2.738s] [  3%] Built target drive_base_msgs__rosidl_generator_type_description
[2.745s] [  4%] [34m[1mGenerating C code for ROS interfaces[0m
[2.750s] [  4%] Built target drive_base_msgs__rs
[2.753s] [  6%] [34m[1mGenerating C++ code for ROS interfaces[0m
[3.126s] [  6%] Built target drive_base_msgs__cpp
[3.174s] [ 13%] [32mBuilding C object CMakeFiles/drive_base_msgs__rosidl_generator_c.dir/rosidl_generator_c/drive_base_msgs/msg/detail/base_info__description.c.o[0m
[3.175s] [ 13%] [32mBuilding C object CMakeFiles/drive_base_msgs__rosidl_generator_c.dir/rosidl_generator_c/drive_base_msgs/msg/detail/base_info__type_support.c.o[0m
[3.175s] [ 13%] [32mBuilding C object CMakeFiles/drive_base_msgs__rosidl_generator_c.dir/rosidl_generator_c/drive_base_msgs/msg/detail/command_header__type_support.c.o[0m
[3.175s] [ 13%] [32mBuilding C object CMakeFiles/drive_base_msgs__rosidl_generator_c.dir/rosidl_generator_c/drive_base_msgs/msg/detail/base_info__functions.c.o[0m
[3.175s] [ 13%] [32mBuilding C object CMakeFiles/drive_base_msgs__rosidl_generator_c.dir/rosidl_generator_c/drive_base_msgs/msg/detail/command_header__description.c.o[0m
[3.175s] [ 15%] [32mBuilding C object CMakeFiles/drive_base_msgs__rosidl_generator_c.dir/rosidl_generator_c/drive_base_msgs/msg/detail/command_header__functions.c.o[0m
[3.176s] [ 16%] [32mBuilding C object CMakeFiles/drive_base_msgs__rosidl_generator_c.dir/rosidl_generator_c/drive_base_msgs/msg/detail/command_status__functions.c.o[0m
[3.176s] [ 18%] [32mBuilding C object CMakeFiles/drive_base_msgs__rosidl_generator_c.dir/rosidl_generator_c/drive_base_msgs/msg/detail/trv_command__description.c.o[0m
[3.176s] [ 21%] [32mBuilding C object CMakeFiles/drive_base_msgs__rosidl_generator_c.dir/rosidl_generator_c/drive_base_msgs/msg/detail/command_status__type_support.c.o[0m
[3.176s] [ 21%] [32mBuilding C object CMakeFiles/drive_base_msgs__rosidl_generator_c.dir/rosidl_generator_c/drive_base_msgs/msg/detail/command_status__description.c.o[0m
[3.176s] [ 23%] [32mBuilding C object CMakeFiles/drive_base_msgs__rosidl_generator_c.dir/rosidl_generator_c/drive_base_msgs/msg/detail/trv_command__functions.c.o[0m
[3.176s] [ 24%] [32mBuilding C object CMakeFiles/drive_base_msgs__rosidl_generator_c.dir/rosidl_generator_c/drive_base_msgs/msg/detail/trv_command__type_support.c.o[0m
[3.221s] [ 26%] [32m[1mLinking C shared library libdrive_base_msgs__rosidl_generator_c.so[0m
[3.252s] [ 26%] Built target drive_base_msgs__rosidl_generator_c
[3.260s] [ 33%] [34m[1mGenerating C type support dispatch for ROS interfaces[0m
[3.260s] [ 33%] [34m[1mGenerating C++ introspection for ROS interfaces[0m
[3.260s] [ 33%] [34m[1mGenerating C type support for eProsima Fast-RTPS[0m
[3.260s] [ 33%] [34m[1mGenerating C++ type support for eProsima Fast-RTPS[0m
[3.260s] [ 33%] [34m[1mGenerating C++ type support dispatch for ROS interfaces[0m
[3.260s] [ 35%] [34m[1mGenerating C introspection for ROS interfaces[0m
[3.598s] [ 38%] [32mBuilding CXX object CMakeFiles/drive_base_msgs__rosidl_typesupport_c.dir/rosidl_typesupport_c/drive_base_msgs/msg/command_header__type_support.cpp.o[0m
[3.598s] [ 46%] [32mBuilding CXX object CMakeFiles/drive_base_msgs__rosidl_typesupport_cpp.dir/rosidl_typesupport_cpp/drive_base_msgs/msg/command_header__type_support.cpp.o[0m
[3.598s] [ 38%] [32mBuilding CXX object CMakeFiles/drive_base_msgs__rosidl_typesupport_cpp.dir/rosidl_typesupport_cpp/drive_base_msgs/msg/trv_command__type_support.cpp.o[0m
[3.598s] [ 40%] [32mBuilding CXX object CMakeFiles/drive_base_msgs__rosidl_typesupport_c.dir/rosidl_typesupport_c/drive_base_msgs/msg/trv_command__type_support.cpp.o[0m
[3.598s] [ 47%] [32mBuilding CXX object CMakeFiles/drive_base_msgs__rosidl_typesupport_cpp.dir/rosidl_typesupport_cpp/drive_base_msgs/msg/command_status__type_support.cpp.o[0m
[3.598s] [ 47%] [32mBuilding CXX object CMakeFiles/drive_base_msgs__rosidl_typesupport_c.dir/rosidl_typesupport_c/drive_base_msgs/msg/base_info__type_support.cpp.o[0m
[3.598s] [ 46%] [32mBuilding CXX object CMakeFiles/drive_base_msgs__rosidl_typesupport_cpp.dir/rosidl_typesupport_cpp/drive_base_msgs/msg/base_info__type_support.cpp.o[0m
[3.598s] [ 46%] [32mBuilding CXX object CMakeFiles/drive_base_msgs__rosidl_typesupport_c.dir/rosidl_typesupport_c/drive_base_msgs/msg/command_status__type_support.cpp.o[0m
[3.631s] [ 53%] [32mBuilding CXX object CMakeFiles/drive_base_msgs__rosidl_typesupport_introspection_cpp.dir/rosidl_typesupport_introspection_cpp/drive_base_msgs/msg/detail/command_status__type_support.cpp.o[0m
[3.632s] [ 53%] [32mBuilding CXX object CMakeFiles/drive_base_msgs__rosidl_typesupport_introspection_cpp.dir/rosidl_typesupport_introspection_cpp/drive_base_msgs/msg/detail/base_info__type_support.cpp.o[0m
[3.632s] [ 53%] [32mBuilding CXX object CMakeFiles/drive_base_msgs__rosidl_typesupport_introspection_cpp.dir/rosidl_typesupport_introspection_cpp/drive_base_msgs/msg/detail/command_header__type_support.cpp.o[0m
[3.632s] [ 53%] [32mBuilding CXX object CMakeFiles/drive_base_msgs__rosidl_typesupport_introspection_cpp.dir/rosidl_typesupport_introspection_cpp/drive_base_msgs/msg/detail/trv_command__type_support.cpp.o[0m
[3.639s] [ 55%] [32mBuilding C object CMakeFiles/drive_base_msgs__rosidl_typesupport_introspection_c.dir/rosidl_typesupport_introspection_c/drive_base_msgs/msg/detail/base_info__type_support.c.o[0m
[3.639s] [ 56%] [32mBuilding C object CMakeFiles/drive_base_msgs__rosidl_typesupport_introspection_c.dir/rosidl_typesupport_introspection_c/drive_base_msgs/msg/detail/command_header__type_support.c.o[0m
[3.646s] [ 61%] [32m[1mLinking CXX shared library libdrive_base_msgs__rosidl_typesupport_c.so[0m
[3.646s] [ 61%] [32mBuilding C object CMakeFiles/drive_base_msgs__rosidl_typesupport_introspection_c.dir/rosidl_typesupport_introspection_c/drive_base_msgs/msg/detail/trv_command__type_support.c.o[0m
[3.646s] [ 61%] [32mBuilding C object CMakeFiles/drive_base_msgs__rosidl_typesupport_introspection_c.dir/rosidl_typesupport_introspection_c/drive_base_msgs/msg/detail/command_status__type_support.c.o[0m
[3.680s] [ 63%] [32m[1mLinking C shared library libdrive_base_msgs__rosidl_typesupport_introspection_c.so[0m
[3.688s] [ 63%] Built target drive_base_msgs__rosidl_typesupport_c
[3.697s] [ 66%] [32mBuilding CXX object CMakeFiles/drive_base_msgs__rosidl_typesupport_fastrtps_cpp.dir/rosidl_typesupport_fastrtps_cpp/drive_base_msgs/msg/detail/dds_fastrtps/base_info__type_support.cpp.o[0m
[3.697s] [ 66%] [32mBuilding CXX object CMakeFiles/drive_base_msgs__rosidl_typesupport_fastrtps_cpp.dir/rosidl_typesupport_fastrtps_cpp/drive_base_msgs/msg/detail/dds_fastrtps/command_header__type_support.cpp.o[0m
[3.697s] [ 67%] [32mBuilding CXX object CMakeFiles/drive_base_msgs__rosidl_typesupport_fastrtps_cpp.dir/rosidl_typesupport_fastrtps_cpp/drive_base_msgs/msg/detail/dds_fastrtps/command_status__type_support.cpp.o[0m
[3.697s] [ 69%] [32mBuilding CXX object CMakeFiles/drive_base_msgs__rosidl_typesupport_fastrtps_cpp.dir/rosidl_typesupport_fastrtps_cpp/drive_base_msgs/msg/detail/dds_fastrtps/trv_command__type_support.cpp.o[0m
[3.713s] [ 69%] Built target drive_base_msgs__rosidl_typesupport_introspection_c
[3.740s] [ 72%] [32mBuilding CXX object CMakeFiles/drive_base_msgs__rosidl_typesupport_fastrtps_c.dir/rosidl_typesupport_fastrtps_c/drive_base_msgs/msg/detail/base_info__type_support_c.cpp.o[0m
[3.740s] [ 72%] [32mBuilding CXX object CMakeFiles/drive_base_msgs__rosidl_typesupport_fastrtps_c.dir/rosidl_typesupport_fastrtps_c/drive_base_msgs/msg/detail/trv_command__type_support_c.cpp.o[0m
[3.740s] [ 73%] [32mBuilding CXX object CMakeFiles/drive_base_msgs__rosidl_typesupport_fastrtps_c.dir/rosidl_typesupport_fastrtps_c/drive_base_msgs/msg/detail/command_header__type_support_c.cpp.o[0m
[3.741s] [ 75%] [32mBuilding CXX object CMakeFiles/drive_base_msgs__rosidl_typesupport_fastrtps_c.dir/rosidl_typesupport_fastrtps_c/drive_base_msgs/msg/detail/command_status__type_support_c.cpp.o[0m
[3.928s] [ 76%] [32m[1mLinking CXX shared library libdrive_base_msgs__rosidl_typesupport_cpp.so[0m
[3.935s] [ 78%] [32m[1mLinking CXX shared library libdrive_base_msgs__rosidl_typesupport_introspection_cpp.so[0m
[3.967s] [ 78%] Built target drive_base_msgs__rosidl_typesupport_cpp
[4.000s] [ 78%] Built target drive_base_msgs__rosidl_typesupport_introspection_cpp
[4.109s] [ 80%] [32m[1mLinking CXX shared library libdrive_base_msgs__rosidl_typesupport_fastrtps_cpp.so[0m
[4.131s] [ 81%] [32m[1mLinking CXX shared library libdrive_base_msgs__rosidl_typesupport_fastrtps_c.so[0m
[4.148s] [ 81%] Built target drive_base_msgs__rosidl_typesupport_fastrtps_cpp
[4.169s] [ 81%] Built target drive_base_msgs__rosidl_typesupport_fastrtps_c
[4.187s] [ 81%] Built target drive_base_msgs
[4.204s] [ 83%] [34m[1mGenerating Python code for ROS interfaces[0m
[4.796s] [ 83%] Built target drive_base_msgs__py
[4.811s] [ 87%] [32mBuilding C object CMakeFiles/drive_base_msgs__rosidl_generator_py.dir/rosidl_generator_py/drive_base_msgs/msg/_base_info_s.c.o[0m
[4.811s] [ 87%] [32mBuilding C object CMakeFiles/drive_base_msgs__rosidl_generator_py.dir/rosidl_generator_py/drive_base_msgs/msg/_trv_command_s.c.o[0m
[4.811s] [ 87%] [32mBuilding C object CMakeFiles/drive_base_msgs__rosidl_generator_py.dir/rosidl_generator_py/drive_base_msgs/msg/_command_header_s.c.o[0m
[4.812s] [ 89%] [32mBuilding C object CMakeFiles/drive_base_msgs__rosidl_generator_py.dir/rosidl_generator_py/drive_base_msgs/msg/_command_status_s.c.o[0m
[4.918s] [ 90%] [32m[1mLinking C shared library libdrive_base_msgs__rosidl_generator_py.so[0m
[4.952s] [ 90%] Built target drive_base_msgs__rosidl_generator_py
[4.966s] [ 92%] [32mBuilding C object CMakeFiles/drive_base_msgs_s__rosidl_typesupport_introspection_c.dir/rosidl_generator_py/drive_base_msgs/_drive_base_msgs_s.ep.rosidl_typesupport_introspection_c.c.o[0m
[4.966s] [ 93%] [32mBuilding C object CMakeFiles/drive_base_msgs_s__rosidl_typesupport_fastrtps_c.dir/rosidl_generator_py/drive_base_msgs/_drive_base_msgs_s.ep.rosidl_typesupport_fastrtps_c.c.o[0m
[4.967s] [ 95%] [32mBuilding C object CMakeFiles/drive_base_msgs_s__rosidl_typesupport_c.dir/rosidl_generator_py/drive_base_msgs/_drive_base_msgs_s.ep.rosidl_typesupport_c.c.o[0m
[5.039s] [ 98%] [32m[1mLinking C shared module rosidl_generator_py/drive_base_msgs/drive_base_msgs_s__rosidl_typesupport_c.so[0m
[5.039s] [ 98%] [32m[1mLinking C shared module rosidl_generator_py/drive_base_msgs/drive_base_msgs_s__rosidl_typesupport_introspection_c.so[0m
[5.040s] [100%] [32m[1mLinking C shared module rosidl_generator_py/drive_base_msgs/drive_base_msgs_s__rosidl_typesupport_fastrtps_c.so[0m
[5.062s] [100%] Built target drive_base_msgs_s__rosidl_typesupport_fastrtps_c
[5.062s] [100%] Built target drive_base_msgs_s__rosidl_typesupport_c
[5.062s] [100%] Built target drive_base_msgs_s__rosidl_typesupport_introspection_c
[5.072s] Invoked command in '/home/quyent/Cyclone/Techno-Luminescence/build/drive_base_msgs' returned '0': CMAKE_PREFIX_PATH=${CMAKE_PREFIX_PATH}:/opt/ros/jazzy DEBUGINFOD_URLS=https://debuginfod.ubuntu.com /usr/bin/cmake --build /home/quyent/Cyclone/Techno-Luminescence/build/drive_base_msgs -- -j16 -l16
[5.073s] Invoking command in '/home/quyent/Cyclone/Techno-Luminescence/build/drive_base_msgs': CMAKE_PREFIX_PATH=${CMAKE_PREFIX_PATH}:/opt/ros/jazzy DEBUGINFOD_URLS=https://debuginfod.ubuntu.com /usr/bin/cmake --install /home/quyent/Cyclone/Techno-Luminescence/build/drive_base_msgs
[5.080s] -- Install configuration: ""
[5.080s] -- Installing: /home/quyent/Cyclone/Techno-Luminescence/install/drive_base_msgs/share/ament_index/resource_index/rosidl_interfaces/drive_base_msgs
[5.080s] -- Installing: /home/quyent/Cyclone/Techno-Luminescence/install/drive_base_msgs/share/drive_base_msgs/msg/CommandHeader.json
[5.080s] -- Installing: /home/quyent/Cyclone/Techno-Luminescence/install/drive_base_msgs/share/drive_base_msgs/msg/BaseInfo.json
[5.081s] -- Installing: /home/quyent/Cyclone/Techno-Luminescence/install/drive_base_msgs/share/drive_base_msgs/msg/CommandStatus.json
[5.081s] -- Installing: /home/quyent/Cyclone/Techno-Luminescence/install/drive_base_msgs/share/drive_base_msgs/msg/TRVCommand.json
[5.081s] -- Installing: /home/quyent/Cyclone/Techno-Luminescence/install/drive_base_msgs/include/drive_base_msgs/drive_base_msgs
[5.081s] -- Installing: /home/quyent/Cyclone/Techno-Luminescence/install/drive_base_msgs/include/drive_base_msgs/drive_base_msgs/msg
[5.081s] -- Installing: /home/quyent/Cyclone/Techno-Luminescence/install/drive_base_msgs/include/drive_base_msgs/drive_base_msgs/msg/command_header.h
[5.081s] -- Installing: /home/quyent/Cyclone/Techno-Luminescence/install/drive_base_msgs/include/drive_base_msgs/drive_base_msgs/msg/detail
[5.081s] -- Installing: /home/quyent/Cyclone/Techno-Luminescence/install/drive_base_msgs/include/drive_base_msgs/drive_base_msgs/msg/detail/base_info__functions.c
[5.081s] -- Installing: /home/quyent/Cyclone/Techno-Luminescence/install/drive_base_msgs/include/drive_base_msgs/drive_base_msgs/msg/detail/base_info__description.c
[5.081s] -- Installing: /home/quyent/Cyclone/Techno-Luminescence/install/drive_base_msgs/include/drive_base_msgs/drive_base_msgs/msg/detail/command_header__type_support.c
[5.081s] -- Installing: /home/quyent/Cyclone/Techno-Luminescence/install/drive_base_msgs/include/drive_base_msgs/drive_base_msgs/msg/detail/trv_command__functions.h
[5.081s] -- Installing: /home/quyent/Cyclone/Techno-Luminescence/install/drive_base_msgs/include/drive_base_msgs/drive_base_msgs/msg/detail/command_status__description.c
[5.081s] -- Installing: /home/quyent/Cyclone/Techno-Luminescence/install/drive_base_msgs/include/drive_base_msgs/drive_base_msgs/msg/detail/command_header__type_support.h
[5.082s] -- Installing: /home/quyent/Cyclone/Techno-Luminescence/install/drive_base_msgs/include/drive_base_msgs/drive_base_msgs/msg/detail/trv_command__struct.h
[5.082s] -- Installing: /home/quyent/Cyclone/Techno-Luminescence/install/drive_base_msgs/include/drive_base_msgs/drive_base_msgs/msg/detail/base_info__type_support.c
[5.082s] -- Installing: /home/quyent/Cyclone/Techno-Luminescence/install/drive_base_msgs/include/drive_base_msgs/drive_base_msgs/msg/detail/command_status__type_support.h
[5.082s] -- Installing: /home/quyent/Cyclone/Techno-Luminescence/install/drive_base_msgs/include/drive_base_msgs/drive_base_msgs/msg/detail/command_status__struct.h
[5.082s] -- Installing: /home/quyent/Cyclone/Techno-Luminescence/install/drive_base_msgs/include/drive_base_msgs/drive_base_msgs/msg/detail/command_header__description.c
[5.082s] -- Installing: /home/quyent/Cyclone/Techno-Luminescence/install/drive_base_msgs/include/drive_base_msgs/drive_base_msgs/msg/detail/command_header__functions.h
[5.082s] -- Installing: /home/quyent/Cyclone/Techno-Luminescence/install/drive_base_msgs/include/drive_base_msgs/drive_base_msgs/msg/detail/command_status__type_support.c
[5.082s] -- Installing: /home/quyent/Cyclone/Techno-Luminescence/install/drive_base_msgs/include/drive_base_msgs/drive_base_msgs/msg/detail/base_info__type_support.h
[5.082s] -- Installing: /home/quyent/Cyclone/Techno-Luminescence/install/drive_base_msgs/include/drive_base_msgs/drive_base_msgs/msg/detail/trv_command__type_support.h
[5.082s] -- Installing: /home/quyent/Cyclone/Techno-Luminescence/install/drive_base_msgs/include/drive_base_msgs/drive_base_msgs/msg/detail/trv_command__type_support.c
[5.082s] -- Installing: /home/quyent/Cyclone/Techno-Luminescence/install/drive_base_msgs/include/drive_base_msgs/drive_base_msgs/msg/detail/trv_command__functions.c
[5.082s] -- Installing: /home/quyent/Cyclone/Techno-Luminescence/install/drive_base_msgs/include/drive_base_msgs/drive_base_msgs/msg/detail/command_status__functions.c
[5.083s] -- Installing: /home/quyent/Cyclone/Techno-Luminescence/install/drive_base_msgs/include/drive_base_msgs/drive_base_msgs/msg/detail/command_header__struct.h
[5.083s] -- Installing: /home/quyent/Cyclone/Techno-Luminescence/install/drive_base_msgs/include/drive_base_msgs/drive_base_msgs/msg/detail/base_info__functions.h
[5.083s] -- Installing: /home/quyent/Cyclone/Techno-Luminescence/install/drive_base_msgs/include/drive_base_msgs/drive_base_msgs/msg/detail/command_status__functions.h
[5.083s] -- Installing: /home/quyent/Cyclone/Techno-Luminescence/install/drive_base_msgs/include/drive_base_msgs/drive_base_msgs/msg/detail/trv_command__description.c
[5.083s] -- Installing: /home/quyent/Cyclone/Techno-Luminescence/install/drive_base_msgs/include/drive_base_msgs/drive_base_msgs/msg/detail/command_header__functions.c
[5.083s] -- Installing: /home/quyent/Cyclone/Techno-Luminescence/install/drive_base_msgs/include/drive_base_msgs/drive_base_msgs/msg/detail/base_info__struct.h
[5.083s] -- Installing: /home/quyent/Cyclone/Techno-Luminescence/install/drive_base_msgs/include/drive_base_msgs/drive_base_msgs/msg/command_status.h
[5.083s] -- Installing: /home/quyent/Cyclone/Techno-Luminescence/install/drive_base_msgs/include/drive_base_msgs/drive_base_msgs/msg/base_info.h
[5.083s] -- Installing: /home/quyent/Cyclone/Techno-Luminescence/install/drive_base_msgs/include/drive_base_msgs/drive_base_msgs/msg/trv_command.h
[5.083s] -- Installing: /home/quyent/Cyclone/Techno-Luminescence/install/drive_base_msgs/include/drive_base_msgs/drive_base_msgs/msg/rosidl_generator_c__visibility_control.h
[5.083s] -- Installing: /home/quyent/Cyclone/Techno-Luminescence/install/drive_base_msgs/share/drive_base_msgs/environment/library_path.sh
[5.084s] -- Installing: /home/quyent/Cyclone/Techno-Luminescence/install/drive_base_msgs/share/drive_base_msgs/environment/library_path.dsv
[5.084s] -- Installing: /home/quyent/Cyclone/Techno-Luminescence/install/drive_base_msgs/lib/libdrive_base_msgs__rosidl_generator_c.so
[5.084s] -- Set non-toolchain portion of runtime path of "/home/quyent/Cyclone/Techno-Luminescence/install/drive_base_msgs/lib/libdrive_base_msgs__rosidl_generator_c.so" to ""
[5.084s] -- Up-to-date: /home/quyent/Cyclone/Techno-Luminescence/install/drive_base_msgs/include/drive_base_msgs/drive_base_msgs
[5.084s] -- Up-to-date: /home/quyent/Cyclone/Techno-Luminescence/install/drive_base_msgs/include/drive_base_msgs/drive_base_msgs/msg
[5.084s] -- Up-to-date: /home/quyent/Cyclone/Techno-Luminescence/install/drive_base_msgs/include/drive_base_msgs/drive_base_msgs/msg/detail
[5.084s] -- Installing: /home/quyent/Cyclone/Techno-Luminescence/install/drive_base_msgs/include/drive_base_msgs/drive_base_msgs/msg/detail/base_info__rosidl_typesupport_fastrtps_c.h
[5.084s] -- Installing: /home/quyent/Cyclone/Techno-Luminescence/install/drive_base_msgs/include/drive_base_msgs/drive_base_msgs/msg/detail/command_header__rosidl_typesupport_fastrtps_c.h
[5.084s] -- Installing: /home/quyent/Cyclone/Techno-Luminescence/install/drive_base_msgs/include/drive_base_msgs/drive_base_msgs/msg/detail/command_status__rosidl_typesupport_fastrtps_c.h
[5.084s] -- Installing: /home/quyent/Cyclone/Techno-Luminescence/install/drive_base_msgs/include/drive_base_msgs/drive_base_msgs/msg/detail/trv_command__rosidl_typesupport_fastrtps_c.h
[5.085s] -- Installing: /home/quyent/Cyclone/Techno-Luminescence/install/drive_base_msgs/include/drive_base_msgs/drive_base_msgs/msg/rosidl_typesupport_fastrtps_c__visibility_control.h
[5.085s] -- Installing: /home/quyent/Cyclone/Techno-Luminescence/install/drive_base_msgs/lib/libdrive_base_msgs__rosidl_typesupport_fastrtps_c.so
[5.085s] -- Set non-toolchain portion of runtime path of "/home/quyent/Cyclone/Techno-Luminescence/install/drive_base_msgs/lib/libdrive_base_msgs__rosidl_typesupport_fastrtps_c.so" to ""
[5.085s] -- Up-to-date: /home/quyent/Cyclone/Techno-Luminescence/install/drive_base_msgs/include/drive_base_msgs/drive_base_msgs
[5.085s] -- Up-to-date: /home/quyent/Cyclone/Techno-Luminescence/install/drive_base_msgs/include/drive_base_msgs/drive_base_msgs/msg
[5.085s] -- Installing: /home/quyent/Cyclone/Techno-Luminescence/install/drive_base_msgs/include/drive_base_msgs/drive_base_msgs/msg/trv_command.hpp
[5.085s] -- Up-to-date: /home/quyent/Cyclone/Techno-Luminescence/install/drive_base_msgs/include/drive_base_msgs/drive_base_msgs/msg/detail
[5.085s] -- Installing: /home/quyent/Cyclone/Techno-Luminescence/install/drive_base_msgs/include/drive_base_msgs/drive_base_msgs/msg/detail/trv_command__traits.hpp
[5.085s] -- Installing: /home/quyent/Cyclone/Techno-Luminescence/install/drive_base_msgs/include/drive_base_msgs/drive_base_msgs/msg/detail/command_status__type_support.hpp
[5.085s] -- Installing: /home/quyent/Cyclone/Techno-Luminescence/install/drive_base_msgs/include/drive_base_msgs/drive_base_msgs/msg/detail/base_info__builder.hpp
[5.085s] -- Installing: /home/quyent/Cyclone/Techno-Luminescence/install/drive_base_msgs/include/drive_base_msgs/drive_base_msgs/msg/detail/trv_command__builder.hpp
[5.086s] -- Installing: /home/quyent/Cyclone/Techno-Luminescence/install/drive_base_msgs/include/drive_base_msgs/drive_base_msgs/msg/detail/command_header__traits.hpp
[5.086s] -- Installing: /home/quyent/Cyclone/Techno-Luminescence/install/drive_base_msgs/include/drive_base_msgs/drive_base_msgs/msg/detail/base_info__type_support.hpp
[5.086s] -- Installing: /home/quyent/Cyclone/Techno-Luminescence/install/drive_base_msgs/include/drive_base_msgs/drive_base_msgs/msg/detail/command_status__struct.hpp
[5.086s] -- Installing: /home/quyent/Cyclone/Techno-Luminescence/install/drive_base_msgs/include/drive_base_msgs/drive_base_msgs/msg/detail/command_status__traits.hpp
[5.086s] -- Installing: /home/quyent/Cyclone/Techno-Luminescence/install/drive_base_msgs/include/drive_base_msgs/drive_base_msgs/msg/detail/command_header__type_support.hpp
[5.086s] -- Installing: /home/quyent/Cyclone/Techno-Luminescence/install/drive_base_msgs/include/drive_base_msgs/drive_base_msgs/msg/detail/command_header__builder.hpp
[5.086s] -- Installing: /home/quyent/Cyclone/Techno-Luminescence/install/drive_base_msgs/include/drive_base_msgs/drive_base_msgs/msg/detail/command_status__builder.hpp
[5.086s] -- Installing: /home/quyent/Cyclone/Techno-Luminescence/install/drive_base_msgs/include/drive_base_msgs/drive_base_msgs/msg/detail/trv_command__type_support.hpp
[5.086s] -- Installing: /home/quyent/Cyclone/Techno-Luminescence/install/drive_base_msgs/include/drive_base_msgs/drive_base_msgs/msg/detail/base_info__traits.hpp
[5.086s] -- Installing: /home/quyent/Cyclone/Techno-Luminescence/install/drive_base_msgs/include/drive_base_msgs/drive_base_msgs/msg/detail/base_info__struct.hpp
[5.087s] -- Installing: /home/quyent/Cyclone/Techno-Luminescence/install/drive_base_msgs/include/drive_base_msgs/drive_base_msgs/msg/detail/trv_command__struct.hpp
[5.087s] -- Installing: /home/quyent/Cyclone/Techno-Luminescence/install/drive_base_msgs/include/drive_base_msgs/drive_base_msgs/msg/detail/command_header__struct.hpp
[5.087s] -- Installing: /home/quyent/Cyclone/Techno-Luminescence/install/drive_base_msgs/include/drive_base_msgs/drive_base_msgs/msg/base_info.hpp
[5.087s] -- Installing: /home/quyent/Cyclone/Techno-Luminescence/install/drive_base_msgs/include/drive_base_msgs/drive_base_msgs/msg/command_status.hpp
[5.087s] -- Installing: /home/quyent/Cyclone/Techno-Luminescence/install/drive_base_msgs/include/drive_base_msgs/drive_base_msgs/msg/rosidl_generator_cpp__visibility_control.hpp
[5.087s] -- Installing: /home/quyent/Cyclone/Techno-Luminescence/install/drive_base_msgs/include/drive_base_msgs/drive_base_msgs/msg/command_header.hpp
[5.087s] -- Up-to-date: /home/quyent/Cyclone/Techno-Luminescence/install/drive_base_msgs/include/drive_base_msgs/drive_base_msgs
[5.087s] -- Up-to-date: /home/quyent/Cyclone/Techno-Luminescence/install/drive_base_msgs/include/drive_base_msgs/drive_base_msgs/msg
[5.087s] -- Up-to-date: /home/quyent/Cyclone/Techno-Luminescence/install/drive_base_msgs/include/drive_base_msgs/drive_base_msgs/msg/detail
[5.087s] -- Installing: /home/quyent/Cyclone/Techno-Luminescence/install/drive_base_msgs/include/drive_base_msgs/drive_base_msgs/msg/detail/dds_fastrtps
[5.087s] -- Installing: /home/quyent/Cyclone/Techno-Luminescence/install/drive_base_msgs/include/drive_base_msgs/drive_base_msgs/msg/detail/command_header__rosidl_typesupport_fastrtps_cpp.hpp
[5.087s] -- Installing: /home/quyent/Cyclone/Techno-Luminescence/install/drive_base_msgs/include/drive_base_msgs/drive_base_msgs/msg/detail/trv_command__rosidl_typesupport_fastrtps_cpp.hpp
[5.087s] -- Installing: /home/quyent/Cyclone/Techno-Luminescence/install/drive_base_msgs/include/drive_base_msgs/drive_base_msgs/msg/detail/command_status__rosidl_typesupport_fastrtps_cpp.hpp
[5.087s] -- Installing: /home/quyent/Cyclone/Techno-Luminescence/install/drive_base_msgs/include/drive_base_msgs/drive_base_msgs/msg/detail/base_info__rosidl_typesupport_fastrtps_cpp.hpp
[5.087s] -- Installing: /home/quyent/Cyclone/Techno-Luminescence/install/drive_base_msgs/include/drive_base_msgs/drive_base_msgs/msg/rosidl_typesupport_fastrtps_cpp__visibility_control.h
[5.088s] -- Installing: /home/quyent/Cyclone/Techno-Luminescence/install/drive_base_msgs/lib/libdrive_base_msgs__rosidl_typesupport_fastrtps_cpp.so
[5.088s] -- Set non-toolchain portion of runtime path of "/home/quyent/Cyclone/Techno-Luminescence/install/drive_base_msgs/lib/libdrive_base_msgs__rosidl_typesupport_fastrtps_cpp.so" to ""
[5.088s] -- Up-to-date: /home/quyent/Cyclone/Techno-Luminescence/install/drive_base_msgs/include/drive_base_msgs/drive_base_msgs
[5.088s] -- Up-to-date: /home/quyent/Cyclone/Techno-Luminescence/install/drive_base_msgs/include/drive_base_msgs/drive_base_msgs/msg
[5.088s] -- Up-to-date: /home/quyent/Cyclone/Techno-Luminescence/install/drive_base_msgs/include/drive_base_msgs/drive_base_msgs/msg/detail
[5.088s] -- Installing: /home/quyent/Cyclone/Techno-Luminescence/install/drive_base_msgs/include/drive_base_msgs/drive_base_msgs/msg/detail/command_header__type_support.c
[5.088s] -- Installing: /home/quyent/Cyclone/Techno-Luminescence/install/drive_base_msgs/include/drive_base_msgs/drive_base_msgs/msg/detail/command_header__rosidl_typesupport_introspection_c.h
[5.088s] -- Installing: /home/quyent/Cyclone/Techno-Luminescence/install/drive_base_msgs/include/drive_base_msgs/drive_base_msgs/msg/detail/base_info__rosidl_typesupport_introspection_c.h
[5.088s] -- Installing: /home/quyent/Cyclone/Techno-Luminescence/install/drive_base_msgs/include/drive_base_msgs/drive_base_msgs/msg/detail/base_info__type_support.c
[5.088s] -- Installing: /home/quyent/Cyclone/Techno-Luminescence/install/drive_base_msgs/include/drive_base_msgs/drive_base_msgs/msg/detail/command_status__rosidl_typesupport_introspection_c.h
[5.089s] -- Installing: /home/quyent/Cyclone/Techno-Luminescence/install/drive_base_msgs/include/drive_base_msgs/drive_base_msgs/msg/detail/command_status__type_support.c
[5.089s] -- Installing: /home/quyent/Cyclone/Techno-Luminescence/install/drive_base_msgs/include/drive_base_msgs/drive_base_msgs/msg/detail/trv_command__type_support.c
[5.089s] -- Installing: /home/quyent/Cyclone/Techno-Luminescence/install/drive_base_msgs/include/drive_base_msgs/drive_base_msgs/msg/detail/trv_command__rosidl_typesupport_introspection_c.h
[5.089s] -- Installing: /home/quyent/Cyclone/Techno-Luminescence/install/drive_base_msgs/include/drive_base_msgs/drive_base_msgs/msg/rosidl_typesupport_introspection_c__visibility_control.h
[5.089s] -- Installing: /home/quyent/Cyclone/Techno-Luminescence/install/drive_base_msgs/lib/libdrive_base_msgs__rosidl_typesupport_introspection_c.so
[5.089s] -- Set non-toolchain portion of runtime path of "/home/quyent/Cyclone/Techno-Luminescence/install/drive_base_msgs/lib/libdrive_base_msgs__rosidl_typesupport_introspection_c.so" to ""
[5.089s] -- Installing: /home/quyent/Cyclone/Techno-Luminescence/install/drive_base_msgs/lib/libdrive_base_msgs__rosidl_typesupport_c.so
[5.090s] -- Set non-toolchain portion of runtime path of "/home/quyent/Cyclone/Techno-Luminescence/install/drive_base_msgs/lib/libdrive_base_msgs__rosidl_typesupport_c.so" to ""
[5.090s] -- Up-to-date: /home/quyent/Cyclone/Techno-Luminescence/install/drive_base_msgs/include/drive_base_msgs/drive_base_msgs
[5.090s] -- Up-to-date: /home/quyent/Cyclone/Techno-Luminescence/install/drive_base_msgs/include/drive_base_msgs/drive_base_msgs/msg
[5.090s] -- Up-to-date: /home/quyent/Cyclone/Techno-Luminescence/install/drive_base_msgs/include/drive_base_msgs/drive_base_msgs/msg/detail
[5.090s] -- Installing: /home/quyent/Cyclone/Techno-Luminescence/install/drive_base_msgs/include/drive_base_msgs/drive_base_msgs/msg/detail/base_info__rosidl_typesupport_introspection_cpp.hpp
[5.090s] -- Installing: /home/quyent/Cyclone/Techno-Luminescence/install/drive_base_msgs/include/drive_base_msgs/drive_base_msgs/msg/detail/trv_command__rosidl_typesupport_introspection_cpp.hpp
[5.090s] -- Installing: /home/quyent/Cyclone/Techno-Luminescence/install/drive_base_msgs/include/drive_base_msgs/drive_base_msgs/msg/detail/command_status__type_support.cpp
[5.090s] -- Installing: /home/quyent/Cyclone/Techno-Luminescence/install/drive_base_msgs/include/drive_base_msgs/drive_base_msgs/msg/detail/base_info__type_support.cpp
[5.090s] -- Installing: /home/quyent/Cyclone/Techno-Luminescence/install/drive_base_msgs/include/drive_base_msgs/drive_base_msgs/msg/detail/command_header__rosidl_typesupport_introspection_cpp.hpp
[5.090s] -- Installing: /home/quyent/Cyclone/Techno-Luminescence/install/drive_base_msgs/include/drive_base_msgs/drive_base_msgs/msg/detail/command_header__type_support.cpp
[5.090s] -- Installing: /home/quyent/Cyclone/Techno-Luminescence/install/drive_base_msgs/include/drive_base_msgs/drive_base_msgs/msg/detail/command_status__rosidl_typesupport_introspection_cpp.hpp
[5.090s] -- Installing: /home/quyent/Cyclone/Techno-Luminescence/install/drive_base_msgs/include/drive_base_msgs/drive_base_msgs/msg/detail/trv_command__type_support.cpp
[5.090s] -- Installing: /home/quyent/Cyclone/Techno-Luminescence/install/drive_base_msgs/lib/libdrive_base_msgs__rosidl_typesupport_introspection_cpp.so
[5.091s] -- Set non-toolchain portion of runtime path of "/home/quyent/Cyclone/Techno-Luminescence/install/drive_base_msgs/lib/libdrive_base_msgs__rosidl_typesupport_introspection_cpp.so" to ""
[5.091s] -- Installing: /home/quyent/Cyclone/Techno-Luminescence/install/drive_base_msgs/lib/libdrive_base_msgs__rosidl_typesupport_cpp.so
[5.091s] -- Set non-toolchain portion of runtime path of "/home/quyent/Cyclone/Techno-Luminescence/install/drive_base_msgs/lib/libdrive_base_msgs__rosidl_typesupport_cpp.so" to ""
[5.091s] -- Installing: /home/quyent/Cyclone/Techno-Luminescence/install/drive_base_msgs/share/drive_base_msgs/environment/pythonpath.sh
[5.091s] -- Installing: /home/quyent/Cyclone/Techno-Luminescence/install/drive_base_msgs/share/drive_base_msgs/environment/pythonpath.dsv
[5.091s] -- Installing: /home/quyent/Cyclone/Techno-Luminescence/install/drive_base_msgs/lib/python3.12/site-packages/drive_base_msgs-0.0.0-py3.12.egg-info
[5.091s] -- Installing: /home/quyent/Cyclone/Techno-Luminescence/install/drive_base_msgs/lib/python3.12/site-packages/drive_base_msgs-0.0.0-py3.12.egg-info/SOURCES.txt
[5.092s] -- Installing: /home/quyent/Cyclone/Techno-Luminescence/install/drive_base_msgs/lib/python3.12/site-packages/drive_base_msgs-0.0.0-py3.12.egg-info/dependency_links.txt
[5.092s] -- Installing: /home/quyent/Cyclone/Techno-Luminescence/install/drive_base_msgs/lib/python3.12/site-packages/drive_base_msgs-0.0.0-py3.12.egg-info/top_level.txt
[5.092s] -- Installing: /home/quyent/Cyclone/Techno-Luminescence/install/drive_base_msgs/lib/python3.12/site-packages/drive_base_msgs-0.0.0-py3.12.egg-info/PKG-INFO
[5.092s] -- Installing: /home/quyent/Cyclone/Techno-Luminescence/install/drive_base_msgs/lib/python3.12/site-packages/drive_base_msgs
[5.092s] -- Installing: /home/quyent/Cyclone/Techno-Luminescence/install/drive_base_msgs/lib/python3.12/site-packages/drive_base_msgs/_drive_base_msgs_s.ep.rosidl_typesupport_c.c
[5.092s] -- Installing: /home/quyent/Cyclone/Techno-Luminescence/install/drive_base_msgs/lib/python3.12/site-packages/drive_base_msgs/_drive_base_msgs_s.ep.rosidl_typesupport_introspection_c.c
[5.092s] -- Installing: /home/quyent/Cyclone/Techno-Luminescence/install/drive_base_msgs/lib/python3.12/site-packages/drive_base_msgs/msg
[5.092s] -- Installing: /home/quyent/Cyclone/Techno-Luminescence/install/drive_base_msgs/lib/python3.12/site-packages/drive_base_msgs/msg/_command_status.py
[5.092s] -- Installing: /home/quyent/Cyclone/Techno-Luminescence/install/drive_base_msgs/lib/python3.12/site-packages/drive_base_msgs/msg/_trv_command_s.c
[5.092s] -- Installing: /home/quyent/Cyclone/Techno-Luminescence/install/drive_base_msgs/lib/python3.12/site-packages/drive_base_msgs/msg/_command_header_s.c
[5.092s] -- Installing: /home/quyent/Cyclone/Techno-Luminescence/install/drive_base_msgs/lib/python3.12/site-packages/drive_base_msgs/msg/__init__.py
[5.093s] -- Installing: /home/quyent/Cyclone/Techno-Luminescence/install/drive_base_msgs/lib/python3.12/site-packages/drive_base_msgs/msg/_command_header.py
[5.093s] -- Installing: /home/quyent/Cyclone/Techno-Luminescence/install/drive_base_msgs/lib/python3.12/site-packages/drive_base_msgs/msg/_trv_command.py
[5.093s] -- Installing: /home/quyent/Cyclone/Techno-Luminescence/install/drive_base_msgs/lib/python3.12/site-packages/drive_base_msgs/msg/_base_info_s.c
[5.093s] -- Installing: /home/quyent/Cyclone/Techno-Luminescence/install/drive_base_msgs/lib/python3.12/site-packages/drive_base_msgs/msg/_command_status_s.c
[5.093s] -- Installing: /home/quyent/Cyclone/Techno-Luminescence/install/drive_base_msgs/lib/python3.12/site-packages/drive_base_msgs/msg/_base_info.py
[5.093s] -- Installing: /home/quyent/Cyclone/Techno-Luminescence/install/drive_base_msgs/lib/python3.12/site-packages/drive_base_msgs/__init__.py
[5.093s] -- Installing: /home/quyent/Cyclone/Techno-Luminescence/install/drive_base_msgs/lib/python3.12/site-packages/drive_base_msgs/drive_base_msgs_s__rosidl_typesupport_introspection_c.so
[5.093s] -- Installing: /home/quyent/Cyclone/Techno-Luminescence/install/drive_base_msgs/lib/python3.12/site-packages/drive_base_msgs/drive_base_msgs_s__rosidl_typesupport_c.so
[5.093s] -- Installing: /home/quyent/Cyclone/Techno-Luminescence/install/drive_base_msgs/lib/python3.12/site-packages/drive_base_msgs/drive_base_msgs_s__rosidl_typesupport_fastrtps_c.so
[5.093s] -- Installing: /home/quyent/Cyclone/Techno-Luminescence/install/drive_base_msgs/lib/python3.12/site-packages/drive_base_msgs/_drive_base_msgs_s.ep.rosidl_typesupport_fastrtps_c.c
[5.121s] Listing '/home/quyent/Cyclone/Techno-Luminescence/install/drive_base_msgs/lib/python3.12/site-packages/drive_base_msgs'...
[5.121s] Compiling '/home/quyent/Cyclone/Techno-Luminescence/install/drive_base_msgs/lib/python3.12/site-packages/drive_base_msgs/__init__.py'...
[5.121s] Listing '/home/quyent/Cyclone/Techno-Luminescence/install/drive_base_msgs/lib/python3.12/site-packages/drive_base_msgs/msg'...
[5.121s] Compiling '/home/quyent/Cyclone/Techno-Luminescence/install/drive_base_msgs/lib/python3.12/site-packages/drive_base_msgs/msg/__init__.py'...
[5.121s] Compiling '/home/quyent/Cyclone/Techno-Luminescence/install/drive_base_msgs/lib/python3.12/site-packages/drive_base_msgs/msg/_base_info.py'...
[5.121s] Compiling '/home/quyent/Cyclone/Techno-Luminescence/install/drive_base_msgs/lib/python3.12/site-packages/drive_base_msgs/msg/_command_header.py'...
[5.121s] Compiling '/home/quyent/Cyclone/Techno-Luminescence/install/drive_base_msgs/lib/python3.12/site-packages/drive_base_msgs/msg/_command_status.py'...
[5.121s] Compiling '/home/quyent/Cyclone/Techno-Luminescence/install/drive_base_msgs/lib/python3.12/site-packages/drive_base_msgs/msg/_trv_command.py'...
[5.125s] -- Installing: /home/quyent/Cyclone/Techno-Luminescence/install/drive_base_msgs/lib/python3.12/site-packages/drive_base_msgs/drive_base_msgs_s__rosidl_typesupport_fastrtps_c.so
[5.125s] -- Set non-toolchain portion of runtime path of "/home/quyent/Cyclone/Techno-Luminescence/install/drive_base_msgs/lib/python3.12/site-packages/drive_base_msgs/drive_base_msgs_s__rosidl_typesupport_fastrtps_c.so" to ""
[5.126s] -- Installing: /home/quyent/Cyclone/Techno-Luminescence/install/drive_base_msgs/lib/python3.12/site-packages/drive_base_msgs/drive_base_msgs_s__rosidl_typesupport_introspection_c.so
[5.126s] -- Set non-toolchain portion of runtime path of "/home/quyent/Cyclone/Techno-Luminescence/install/drive_base_msgs/lib/python3.12/site-packages/drive_base_msgs/drive_base_msgs_s__rosidl_typesupport_introspection_c.so" to ""
[5.126s] -- Installing: /home/quyent/Cyclone/Techno-Luminescence/install/drive_base_msgs/lib/python3.12/site-packages/drive_base_msgs/drive_base_msgs_s__rosidl_typesupport_c.so
[5.127s] -- Set non-toolchain portion of runtime path of "/home/quyent/Cyclone/Techno-Luminescence/install/drive_base_msgs/lib/python3.12/site-packages/drive_base_msgs/drive_base_msgs_s__rosidl_typesupport_c.so" to ""
[5.127s] -- Installing: /home/quyent/Cyclone/Techno-Luminescence/install/drive_base_msgs/lib/libdrive_base_msgs__rosidl_generator_py.so
[5.127s] -- Set non-toolchain portion of runtime path of "/home/quyent/Cyclone/Techno-Luminescence/install/drive_base_msgs/lib/libdrive_base_msgs__rosidl_generator_py.so" to ""
[5.127s] -- Installing: /home/quyent/Cyclone/Techno-Luminescence/install/drive_base_msgs/share/ament_index/resource_index/rust_packages/drive_base_msgs
[5.127s] -- Installing: /home/quyent/Cyclone/Techno-Luminescence/install/drive_base_msgs/share/drive_base_msgs/rust
[5.127s] -- Installing: /home/quyent/Cyclone/Techno-Luminescence/install/drive_base_msgs/share/drive_base_msgs/rust/Cargo.toml
[5.127s] -- Installing: /home/quyent/Cyclone/Techno-Luminescence/install/drive_base_msgs/share/drive_base_msgs/rust/src
[5.127s] -- Installing: /home/quyent/Cyclone/Techno-Luminescence/install/drive_base_msgs/share/drive_base_msgs/rust/src/lib.rs
[5.127s] -- Installing: /home/quyent/Cyclone/Techno-Luminescence/install/drive_base_msgs/share/drive_base_msgs/rust/src/msg.rs
[5.128s] -- Installing: /home/quyent/Cyclone/Techno-Luminescence/install/drive_base_msgs/share/drive_base_msgs/rust/src/msg
[5.128s] -- Installing: /home/quyent/Cyclone/Techno-Luminescence/install/drive_base_msgs/share/drive_base_msgs/rust/src/msg/rmw.rs
[5.128s] -- Installing: /home/quyent/Cyclone/Techno-Luminescence/install/drive_base_msgs/share/drive_base_msgs/rust/build.rs
[5.128s] -- Installing: /home/quyent/Cyclone/Techno-Luminescence/install/drive_base_msgs/share/drive_base_msgs/msg/CommandHeader.idl
[5.128s] -- Installing: /home/quyent/Cyclone/Techno-Luminescence/install/drive_base_msgs/share/drive_base_msgs/msg/BaseInfo.idl
[5.128s] -- Installing: /home/quyent/Cyclone/Techno-Luminescence/install/drive_base_msgs/share/drive_base_msgs/msg/CommandStatus.idl
[5.128s] -- Installing: /home/quyent/Cyclone/Techno-Luminescence/install/drive_base_msgs/share/drive_base_msgs/msg/TRVCommand.idl
[5.128s] -- Installing: /home/quyent/Cyclone/Techno-Luminescence/install/drive_base_msgs/share/drive_base_msgs/msg/CommandHeader.msg
[5.128s] -- Installing: /home/quyent/Cyclone/Techno-Luminescence/install/drive_base_msgs/share/drive_base_msgs/msg/BaseInfo.msg
[5.129s] -- Installing: /home/quyent/Cyclone/Techno-Luminescence/install/drive_base_msgs/share/drive_base_msgs/msg/CommandStatus.msg
[5.129s] -- Installing: /home/quyent/Cyclone/Techno-Luminescence/install/drive_base_msgs/share/drive_base_msgs/msg/TRVCommand.msg
[5.129s] -- Installing: /home/quyent/Cyclone/Techno-Luminescence/install/drive_base_msgs/share/ament_index/resource_index/package_run_dependencies/drive_base_msgs
[5.129s] -- Installing: /home/quyent/Cyclone/Techno-Luminescence/install/drive_base_msgs/share/ament_index/resource_index/parent_prefix_path/drive_base_msgs
[5.129s] -- Installing: /home/quyent/Cyclone/Techno-Luminescence/install/drive_base_msgs/share/drive_base_msgs/environment/ament_prefix_path.sh
[5.129s] -- Installing: /home/quyent/Cyclone/Techno-Luminescence/install/drive_base_msgs/share/drive_base_msgs/environment/ament_prefix_path.dsv
[5.129s] -- Installing: /home/quyent/Cyclone/Techno-Luminescence/install/drive_base_msgs/share/drive_base_msgs/environment/path.sh
[5.129s] -- Installing: /home/quyent/Cyclone/Techno-Luminescence/install/drive_base_msgs/share/drive_base_msgs/environment/path.dsv
[5.129s] -- Installing: /home/quyent/Cyclone/Techno-Luminescence/install/drive_base_msgs/share/drive_base_msgs/local_setup.bash
[5.130s] -- Installing: /home/quyent/Cyclone/Techno-Luminescence/install/drive_base_msgs/share/drive_base_msgs/local_setup.sh
[5.130s] -- Installing: /home/quyent/Cyclone/Techno-Luminescence/install/drive_base_msgs/share/drive_base_msgs/local_setup.zsh
[5.130s] -- Installing: /home/quyent/Cyclone/Techno-Luminescence/install/drive_base_msgs/share/drive_base_msgs/local_setup.dsv
[5.130s] -- Installing: /home/quyent/Cyclone/Techno-Luminescence/install/drive_base_msgs/share/drive_base_msgs/package.dsv
[5.130s] -- Installing: /home/quyent/Cyclone/Techno-Luminescence/install/drive_base_msgs/share/ament_index/resource_index/packages/drive_base_msgs
[5.130s] -- Installing: /home/quyent/Cyclone/Techno-Luminescence/install/drive_base_msgs/share/drive_base_msgs/cmake/export_drive_base_msgs__rosidl_generator_cExport.cmake
[5.130s] -- Installing: /home/quyent/Cyclone/Techno-Luminescence/install/drive_base_msgs/share/drive_base_msgs/cmake/export_drive_base_msgs__rosidl_generator_cExport-noconfig.cmake
[5.130s] -- Installing: /home/quyent/Cyclone/Techno-Luminescence/install/drive_base_msgs/share/drive_base_msgs/cmake/export_drive_base_msgs__rosidl_typesupport_fastrtps_cExport.cmake
[5.131s] -- Installing: /home/quyent/Cyclone/Techno-Luminescence/install/drive_base_msgs/share/drive_base_msgs/cmake/export_drive_base_msgs__rosidl_typesupport_fastrtps_cExport-noconfig.cmake
[5.131s] -- Installing: /home/quyent/Cyclone/Techno-Luminescence/install/drive_base_msgs/share/drive_base_msgs/cmake/export_drive_base_msgs__rosidl_generator_cppExport.cmake
[5.131s] -- Installing: /home/quyent/Cyclone/Techno-Luminescence/install/drive_base_msgs/share/drive_base_msgs/cmake/export_drive_base_msgs__rosidl_typesupport_fastrtps_cppExport.cmake
[5.131s] -- Installing: /home/quyent/Cyclone/Techno-Luminescence/install/drive_base_msgs/share/drive_base_msgs/cmake/export_drive_base_msgs__rosidl_typesupport_fastrtps_cppExport-noconfig.cmake
[5.131s] -- Installing: /home/quyent/Cyclone/Techno-Luminescence/install/drive_base_msgs/share/drive_base_msgs/cmake/drive_base_msgs__rosidl_typesupport_introspection_cExport.cmake
[5.131s] -- Installing: /home/quyent/Cyclone/Techno-Luminescence/install/drive_base_msgs/share/drive_base_msgs/cmake/drive_base_msgs__rosidl_typesupport_introspection_cExport-noconfig.cmake
[5.131s] -- Installing: /home/quyent/Cyclone/Techno-Luminescence/install/drive_base_msgs/share/drive_base_msgs/cmake/drive_base_msgs__rosidl_typesupport_cExport.cmake
[5.131s] -- Installing: /home/quyent/Cyclone/Techno-Luminescence/install/drive_base_msgs/share/drive_base_msgs/cmake/drive_base_msgs__rosidl_typesupport_cExport-noconfig.cmake
[5.132s] -- Installing: /home/quyent/Cyclone/Techno-Luminescence/install/drive_base_msgs/share/drive_base_msgs/cmake/drive_base_msgs__rosidl_typesupport_introspection_cppExport.cmake
[5.132s] -- Installing: /home/quyent/Cyclone/Techno-Luminescence/install/drive_base_msgs/share/drive_base_msgs/cmake/drive_base_msgs__rosidl_typesupport_introspection_cppExport-noconfig.cmake
[5.132s] -- Installing: /home/quyent/Cyclone/Techno-Luminescence/install/drive_base_msgs/share/drive_base_msgs/cmake/drive_base_msgs__rosidl_typesupport_cppExport.cmake
[5.132s] -- Installing: /home/quyent/Cyclone/Techno-Luminescence/install/drive_base_msgs/share/drive_base_msgs/cmake/drive_base_msgs__rosidl_typesupport_cppExport-noconfig.cmake
[5.132s] -- Installing: /home/quyent/Cyclone/Techno-Luminescence/install/drive_base_msgs/share/drive_base_msgs/cmake/export_drive_base_msgs__rosidl_generator_pyExport.cmake
[5.132s] -- Installing: /home/quyent/Cyclone/Techno-Luminescence/install/drive_base_msgs/share/drive_base_msgs/cmake/export_drive_base_msgs__rosidl_generator_pyExport-noconfig.cmake
[5.132s] -- Installing: /home/quyent/Cyclone/Techno-Luminescence/install/drive_base_msgs/share/drive_base_msgs/cmake/rosidl_cmake-extras.cmake
[5.132s] -- Installing: /home/quyent/Cyclone/Techno-Luminescence/install/drive_base_msgs/share/drive_base_msgs/cmake/ament_cmake_export_dependencies-extras.cmake
[5.133s] -- Installing: /home/quyent/Cyclone/Techno-Luminescence/install/drive_base_msgs/share/drive_base_msgs/cmake/ament_cmake_export_include_directories-extras.cmake
[5.133s] -- Installing: /home/quyent/Cyclone/Techno-Luminescence/install/drive_base_msgs/share/drive_base_msgs/cmake/ament_cmake_export_libraries-extras.cmake
[5.133s] -- Installing: /home/quyent/Cyclone/Techno-Luminescence/install/drive_base_msgs/share/drive_base_msgs/cmake/ament_cmake_export_targets-extras.cmake
[5.133s] -- Installing: /home/quyent/Cyclone/Techno-Luminescence/install/drive_base_msgs/share/drive_base_msgs/cmake/rosidl_cmake_export_typesupport_targets-extras.cmake
[5.133s] -- Installing: /home/quyent/Cyclone/Techno-Luminescence/install/drive_base_msgs/share/drive_base_msgs/cmake/rosidl_cmake_export_typesupport_libraries-extras.cmake
[5.133s] -- Installing: /home/quyent/Cyclone/Techno-Luminescence/install/drive_base_msgs/share/drive_base_msgs/cmake/drive_base_msgsConfig.cmake
[5.133s] -- Installing: /home/quyent/Cyclone/Techno-Luminescence/install/drive_base_msgs/share/drive_base_msgs/cmake/drive_base_msgsConfig-version.cmake
[5.133s] -- Installing: /home/quyent/Cyclone/Techno-Luminescence/install/drive_base_msgs/share/drive_base_msgs/package.xml
[5.136s] Invoked command in '/home/quyent/Cyclone/Techno-Luminescence/build/drive_base_msgs' returned '0': CMAKE_PREFIX_PATH=${CMAKE_PREFIX_PATH}:/opt/ros/jazzy DEBUGINFOD_URLS=https://debuginfod.ubuntu.com /usr/bin/cmake --install /home/quyent/Cyclone/Techno-Luminescence/build/drive_base_msgs
